<?xml version="1.0" encoding="UTF-8"?>
<robot generator="Robot 5.0.1 (Python 3.6.9 on linux)" generated="20230117 15:07:32.299" rpa="false" schemaversion="3">
<suite id="s1" name="SuiteTestWEB" source="/home/usr_admin/auto_qc/web_auto/QC_WEB_GENERIC_FRAMEWORK_GLOBAL/QC_WEB_FRAMEWORK_GLOBAL_ADDONS/testCases/SuiteTestWEB.robot">
<kw name="-CONFIGURACIÓN INICIAL SUITETEST-" library="libraries_keywords" type="SETUP">
<kw name="Sleep" library="BuiltIn">
<arg>3</arg>
<doc>Pauses the test executed for the given time.</doc>
<msg timestamp="20230117 15:07:39.757" level="INFO">Slept 3 seconds</msg>
<status status="PASS" starttime="20230117 15:07:36.757" endtime="20230117 15:07:39.758"/>
</kw>
<status status="PASS" starttime="20230117 15:07:36.756" endtime="20230117 15:07:39.758"/>
</kw>
<test id="s1-t1" name="Test Case 1 prueba Login co" line="12">
<kw name="-CONFIGURACIÓN TESTCASE-" library="libraries_keywords" type="SETUP">
<kw name="-CONFIGURAR DIRECTORIO SCREENSHOTS-" library="libraries_keywords">
<kw name="Set Screenshot Directory" library="Selenium2Library">
<arg>${screenshots-folder}</arg>
<doc>Sets the directory for captured screenshots.</doc>
<status status="PASS" starttime="20230117 15:07:39.763" endtime="20230117 15:07:39.764"/>
</kw>
<status status="PASS" starttime="20230117 15:07:39.763" endtime="20230117 15:07:39.764"/>
</kw>
<status status="PASS" starttime="20230117 15:07:39.762" endtime="20230117 15:07:39.765"/>
</kw>
<kw name="-LOGIN HOME CV CON PERFIL-" library="tests_keywords">
<arg>${email_valido}</arg>
<arg>${pass_valido}</arg>
<kw name="-ABRIR LOGIN PAGE-" library="tests_keywords">
<kw name="Open Browser" library="Selenium2Library">
<arg>${url_login_page}</arg>
<arg>${browser}</arg>
<doc>Opens a new browser instance to the optional ``url``.</doc>
<msg timestamp="20230117 15:07:39.767" level="INFO">Opening browser 'headlesschrome' to base url 'https://www.clarovideo.com/colombia/login'.</msg>
<msg timestamp="20230117 15:07:41.044" level="INFO">Cannot capture screenshot because no browser is open.</msg>
<msg timestamp="20230117 15:07:41.046" level="FAIL">WebDriverException: Message: unknown error: Chrome failed to start: crashed.
  (unknown error: DevToolsActivePort file doesn't exist)
  (The process started from chrome location /usr/bin/google-chrome is no longer running, so ChromeDriver is assuming that Chrome has crashed.)
</msg>
<status status="FAIL" starttime="20230117 15:07:39.766" endtime="20230117 15:07:41.048"/>
</kw>
<kw name="Set Window Size" library="Selenium2Library">
<arg>1200</arg>
<arg>1200</arg>
<doc>Sets current windows size to given ``width`` and ``height``.</doc>
<status status="NOT RUN" starttime="20230117 15:07:41.049" endtime="20230117 15:07:41.050"/>
</kw>
<status status="FAIL" starttime="20230117 15:07:39.766" endtime="20230117 15:07:41.051"/>
</kw>
<kw name="-INGRESAR EMAIL PARA LOGIN-" library="tests_keywords">
<arg>${email}</arg>
<status status="NOT RUN" starttime="20230117 15:07:41.051" endtime="20230117 15:07:41.051"/>
</kw>
<kw name="-INGRESAR PASSWORD PARA LOGIN-" library="tests_keywords">
<arg>${password}</arg>
<status status="NOT RUN" starttime="20230117 15:07:41.052" endtime="20230117 15:07:41.052"/>
</kw>
<kw name="Sleep" library="BuiltIn">
<arg>10</arg>
<doc>Pauses the test executed for the given time.</doc>
<status status="NOT RUN" starttime="20230117 15:07:41.052" endtime="20230117 15:07:41.052"/>
</kw>
<kw name="-CLICK IMAGEN DE PERFIL-" library="tests_keywords">
<status status="NOT RUN" starttime="20230117 15:07:41.052" endtime="20230117 15:07:41.052"/>
</kw>
<kw name="Sleep" library="BuiltIn">
<arg>10</arg>
<doc>Pauses the test executed for the given time.</doc>
<status status="NOT RUN" starttime="20230117 15:07:41.052" endtime="20230117 15:07:41.052"/>
</kw>
<kw name="-VALIDAR CARGA HOME-" library="tests_keywords">
<status status="NOT RUN" starttime="20230117 15:07:41.053" endtime="20230117 15:07:41.053"/>
</kw>
<status status="FAIL" starttime="20230117 15:07:39.765" endtime="20230117 15:07:41.053"/>
</kw>
<kw name="-TERMINAR CONFIGURACIÓN TESTCASE-" library="libraries_keywords" type="TEARDOWN">
<kw name="Capture Page Screenshot" library="Selenium2Library">
<doc>Takes a screenshot of the current page and embeds it into a log file.</doc>
<msg timestamp="20230117 15:07:41.056" level="INFO">Cannot capture screenshot because no browser is open.</msg>
<status status="PASS" starttime="20230117 15:07:41.055" endtime="20230117 15:07:41.056"/>
</kw>
<status status="PASS" starttime="20230117 15:07:41.055" endtime="20230117 15:07:41.056"/>
</kw>
<status status="FAIL" starttime="20230117 15:07:39.759" endtime="20230117 15:07:41.056">WebDriverException: Message: unknown error: Chrome failed to start: crashed.
  (unknown error: DevToolsActivePort file doesn't exist)
  (The process started from chrome location /usr/bin/google-chrome is no longer running, so ChromeDriver is assuming that Chrome has crashed.)
</status>
</test>
<test id="s1-t2" name="CV-WEB-ACCESO-VALIDAR LOGOUT" line="20">
<kw name="-CONFIGURACIÓN TESTCASE-" library="libraries_keywords" type="SETUP">
<kw name="-CONFIGURAR DIRECTORIO SCREENSHOTS-" library="libraries_keywords">
<kw name="Set Screenshot Directory" library="Selenium2Library">
<arg>${screenshots-folder}</arg>
<doc>Sets the directory for captured screenshots.</doc>
<status status="PASS" starttime="20230117 15:07:41.059" endtime="20230117 15:07:41.060"/>
</kw>
<status status="PASS" starttime="20230117 15:07:41.059" endtime="20230117 15:07:41.060"/>
</kw>
<status status="PASS" starttime="20230117 15:07:41.058" endtime="20230117 15:07:41.060"/>
</kw>
<kw name="-LOGIN HOME CV-" library="tests_keywords">
<arg>${email_valido}</arg>
<arg>${pass_valido}</arg>
<kw name="-ABRIR LOGIN PAGE-" library="tests_keywords">
<kw name="Open Browser" library="Selenium2Library">
<arg>${url_login_page}</arg>
<arg>${browser}</arg>
<doc>Opens a new browser instance to the optional ``url``.</doc>
<msg timestamp="20230117 15:07:41.063" level="INFO">Opening browser 'headlesschrome' to base url 'https://www.clarovideo.com/colombia/login'.</msg>
<msg timestamp="20230117 15:07:42.336" level="INFO">Cannot capture screenshot because no browser is open.</msg>
<msg timestamp="20230117 15:07:42.337" level="FAIL">WebDriverException: Message: unknown error: Chrome failed to start: crashed.
  (unknown error: DevToolsActivePort file doesn't exist)
  (The process started from chrome location /usr/bin/google-chrome is no longer running, so ChromeDriver is assuming that Chrome has crashed.)
</msg>
<status status="FAIL" starttime="20230117 15:07:41.062" endtime="20230117 15:07:42.337"/>
</kw>
<kw name="Set Window Size" library="Selenium2Library">
<arg>1200</arg>
<arg>1200</arg>
<doc>Sets current windows size to given ``width`` and ``height``.</doc>
<status status="NOT RUN" starttime="20230117 15:07:42.338" endtime="20230117 15:07:42.338"/>
</kw>
<status status="FAIL" starttime="20230117 15:07:41.061" endtime="20230117 15:07:42.339"/>
</kw>
<kw name="-INGRESAR EMAIL PARA LOGIN-" library="tests_keywords">
<arg>${email}</arg>
<status status="NOT RUN" starttime="20230117 15:07:42.340" endtime="20230117 15:07:42.340"/>
</kw>
<kw name="-INGRESAR PASSWORD PARA LOGIN-" library="tests_keywords">
<arg>${password}</arg>
<status status="NOT RUN" starttime="20230117 15:07:42.340" endtime="20230117 15:07:42.340"/>
</kw>
<kw name="Sleep" library="BuiltIn">
<arg>10</arg>
<doc>Pauses the test executed for the given time.</doc>
<status status="NOT RUN" starttime="20230117 15:07:42.340" endtime="20230117 15:07:42.340"/>
</kw>
<kw name="-VALIDAR CARGA HOME-" library="tests_keywords">
<status status="NOT RUN" starttime="20230117 15:07:42.341" endtime="20230117 15:07:42.341"/>
</kw>
<status status="FAIL" starttime="20230117 15:07:41.061" endtime="20230117 15:07:42.341"/>
</kw>
<kw name="-LOGOUT HOME CV-" library="tests_keywords">
<status status="NOT RUN" starttime="20230117 15:07:42.342" endtime="20230117 15:07:42.342"/>
</kw>
<kw name="-TERMINAR CONFIGURACIÓN TESTCASE-" library="libraries_keywords" type="TEARDOWN">
<kw name="Capture Page Screenshot" library="Selenium2Library">
<doc>Takes a screenshot of the current page and embeds it into a log file.</doc>
<msg timestamp="20230117 15:07:42.344" level="INFO">Cannot capture screenshot because no browser is open.</msg>
<status status="PASS" starttime="20230117 15:07:42.344" endtime="20230117 15:07:42.344"/>
</kw>
<status status="PASS" starttime="20230117 15:07:42.343" endtime="20230117 15:07:42.344"/>
</kw>
<status status="FAIL" starttime="20230117 15:07:41.057" endtime="20230117 15:07:42.345">WebDriverException: Message: unknown error: Chrome failed to start: crashed.
  (unknown error: DevToolsActivePort file doesn't exist)
  (The process started from chrome location /usr/bin/google-chrome is no longer running, so ChromeDriver is assuming that Chrome has crashed.)
</status>
</test>
<kw name="-TERMINAR CONFIGURACIÓN SUITETEST-" library="libraries_keywords" type="TEARDOWN">
<kw name="Capture Page Screenshot" library="Selenium2Library">
<doc>Takes a screenshot of the current page and embeds it into a log file.</doc>
<msg timestamp="20230117 15:07:42.347" level="INFO">Cannot capture screenshot because no browser is open.</msg>
<status status="PASS" starttime="20230117 15:07:42.347" endtime="20230117 15:07:42.347"/>
</kw>
<kw name="-CERRAR TODOS LOS NAVEGADORES-" library="libraries_keywords">
<kw name="Close All Browsers" library="Selenium2Library">
<doc>Closes all open browsers and resets the browser cache.</doc>
<status status="PASS" starttime="20230117 15:07:42.348" endtime="20230117 15:07:42.348"/>
</kw>
<status status="PASS" starttime="20230117 15:07:42.347" endtime="20230117 15:07:42.348"/>
</kw>
<status status="PASS" starttime="20230117 15:07:42.346" endtime="20230117 15:07:42.348"/>
</kw>
<doc>Ambiente Global FrameWork generico para ajustar de acuerdo al BRF</doc>
<status status="FAIL" starttime="20230117 15:07:32.301" endtime="20230117 15:07:42.348"/>
</suite>
<statistics>
<total>
<stat pass="0" fail="2" skip="0">All Tests</stat>
</total>
<tag>
</tag>
<suite>
<stat pass="0" fail="2" skip="0" id="s1" name="SuiteTestWEB">SuiteTestWEB</stat>
</suite>
</statistics>
<errors>
</errors>
</robot>
