<?xml version="1.0" encoding="UTF-8"?>
<robot generator="Robot 5.0.1 (Python 3.6.9 on linux)" generated="20230117 15:09:18.915" rpa="false" schemaversion="3">
<suite id="s1" name="SuiteTestWEB" source="/home/usr_admin/auto_qc/web_auto/QC_WEB_GENERIC_FRAMEWORK_GLOBAL/QC_WEB_FRAMEWORK_GLOBAL_ADDONS/testCases/SuiteTestWEB.robot">
<kw name="-CONFIGURACIÓN INICIAL SUITETEST-" library="libraries_keywords" type="SETUP">
<kw name="Sleep" library="BuiltIn">
<arg>3</arg>
<doc>Pauses the test executed for the given time.</doc>
<msg timestamp="20230117 15:09:26.370" level="INFO">Slept 3 seconds</msg>
<status status="PASS" starttime="20230117 15:09:23.369" endtime="20230117 15:09:26.370"/>
</kw>
<status status="PASS" starttime="20230117 15:09:23.368" endtime="20230117 15:09:26.370"/>
</kw>
<test id="s1-t1" name="Test Case 1 prueba Login co" line="12">
<kw name="-CONFIGURACIÓN TESTCASE-" library="libraries_keywords" type="SETUP">
<kw name="-CONFIGURAR DIRECTORIO SCREENSHOTS-" library="libraries_keywords">
<kw name="Set Screenshot Directory" library="Selenium2Library">
<arg>${screenshots-folder}</arg>
<doc>Sets the directory for captured screenshots.</doc>
<status status="PASS" starttime="20230117 15:09:26.376" endtime="20230117 15:09:26.376"/>
</kw>
<status status="PASS" starttime="20230117 15:09:26.375" endtime="20230117 15:09:26.377"/>
</kw>
<status status="PASS" starttime="20230117 15:09:26.374" endtime="20230117 15:09:26.377"/>
</kw>
<kw name="-LOGIN HOME CV CON PERFIL-" library="tests_keywords">
<arg>${email_valido}</arg>
<arg>${pass_valido}</arg>
<kw name="-ABRIR LOGIN PAGE-" library="tests_keywords">
<kw name="Open Browser" library="Selenium2Library">
<arg>${url_login_page}</arg>
<arg>${browser}</arg>
<doc>Opens a new browser instance to the optional ``url``.</doc>
<msg timestamp="20230117 15:09:26.379" level="INFO">Opening browser 'headlesschrome' to base url 'https://www.clarovideo.com/colombia/login'.</msg>
<msg timestamp="20230117 15:09:27.656" level="INFO">Cannot capture screenshot because no browser is open.</msg>
<msg timestamp="20230117 15:09:27.657" level="FAIL">WebDriverException: Message: unknown error: Chrome failed to start: crashed.
  (unknown error: DevToolsActivePort file doesn't exist)
  (The process started from chrome location /usr/bin/google-chrome is no longer running, so ChromeDriver is assuming that Chrome has crashed.)
</msg>
<status status="FAIL" starttime="20230117 15:09:26.378" endtime="20230117 15:09:27.659"/>
</kw>
<kw name="Set Window Size" library="Selenium2Library">
<arg>1200</arg>
<arg>1200</arg>
<doc>Sets current windows size to given ``width`` and ``height``.</doc>
<status status="NOT RUN" starttime="20230117 15:09:27.660" endtime="20230117 15:09:27.661"/>
</kw>
<status status="FAIL" starttime="20230117 15:09:26.378" endtime="20230117 15:09:27.662"/>
</kw>
<kw name="-INGRESAR EMAIL PARA LOGIN-" library="tests_keywords">
<arg>${email}</arg>
<status status="NOT RUN" starttime="20230117 15:09:27.662" endtime="20230117 15:09:27.662"/>
</kw>
<kw name="-INGRESAR PASSWORD PARA LOGIN-" library="tests_keywords">
<arg>${password}</arg>
<status status="NOT RUN" starttime="20230117 15:09:27.663" endtime="20230117 15:09:27.663"/>
</kw>
<kw name="Sleep" library="BuiltIn">
<arg>10</arg>
<doc>Pauses the test executed for the given time.</doc>
<status status="NOT RUN" starttime="20230117 15:09:27.663" endtime="20230117 15:09:27.663"/>
</kw>
<kw name="-CLICK IMAGEN DE PERFIL-" library="tests_keywords">
<status status="NOT RUN" starttime="20230117 15:09:27.663" endtime="20230117 15:09:27.663"/>
</kw>
<kw name="Sleep" library="BuiltIn">
<arg>10</arg>
<doc>Pauses the test executed for the given time.</doc>
<status status="NOT RUN" starttime="20230117 15:09:27.663" endtime="20230117 15:09:27.663"/>
</kw>
<kw name="-VALIDAR CARGA HOME-" library="tests_keywords">
<status status="NOT RUN" starttime="20230117 15:09:27.664" endtime="20230117 15:09:27.664"/>
</kw>
<status status="FAIL" starttime="20230117 15:09:26.377" endtime="20230117 15:09:27.664"/>
</kw>
<kw name="-TERMINAR CONFIGURACIÓN TESTCASE-" library="libraries_keywords" type="TEARDOWN">
<kw name="Capture Page Screenshot" library="Selenium2Library">
<doc>Takes a screenshot of the current page and embeds it into a log file.</doc>
<msg timestamp="20230117 15:09:27.667" level="INFO">Cannot capture screenshot because no browser is open.</msg>
<status status="PASS" starttime="20230117 15:09:27.666" endtime="20230117 15:09:27.667"/>
</kw>
<status status="PASS" starttime="20230117 15:09:27.665" endtime="20230117 15:09:27.667"/>
</kw>
<status status="FAIL" starttime="20230117 15:09:26.371" endtime="20230117 15:09:27.667">WebDriverException: Message: unknown error: Chrome failed to start: crashed.
  (unknown error: DevToolsActivePort file doesn't exist)
  (The process started from chrome location /usr/bin/google-chrome is no longer running, so ChromeDriver is assuming that Chrome has crashed.)
</status>
</test>
<test id="s1-t2" name="CV-WEB-ACCESO-VALIDAR LOGOUT" line="20">
<kw name="-CONFIGURACIÓN TESTCASE-" library="libraries_keywords" type="SETUP">
<kw name="-CONFIGURAR DIRECTORIO SCREENSHOTS-" library="libraries_keywords">
<kw name="Set Screenshot Directory" library="Selenium2Library">
<arg>${screenshots-folder}</arg>
<doc>Sets the directory for captured screenshots.</doc>
<status status="PASS" starttime="20230117 15:09:27.670" endtime="20230117 15:09:27.671"/>
</kw>
<status status="PASS" starttime="20230117 15:09:27.670" endtime="20230117 15:09:27.671"/>
</kw>
<status status="PASS" starttime="20230117 15:09:27.669" endtime="20230117 15:09:27.671"/>
</kw>
<kw name="-LOGIN HOME CV-" library="tests_keywords">
<arg>${email_valido}</arg>
<arg>${pass_valido}</arg>
<kw name="-ABRIR LOGIN PAGE-" library="tests_keywords">
<kw name="Open Browser" library="Selenium2Library">
<arg>${url_login_page}</arg>
<arg>${browser}</arg>
<doc>Opens a new browser instance to the optional ``url``.</doc>
<msg timestamp="20230117 15:09:27.674" level="INFO">Opening browser 'headlesschrome' to base url 'https://www.clarovideo.com/colombia/login'.</msg>
<msg timestamp="20230117 15:09:28.946" level="INFO">Cannot capture screenshot because no browser is open.</msg>
<msg timestamp="20230117 15:09:28.947" level="FAIL">WebDriverException: Message: unknown error: Chrome failed to start: crashed.
  (unknown error: DevToolsActivePort file doesn't exist)
  (The process started from chrome location /usr/bin/google-chrome is no longer running, so ChromeDriver is assuming that Chrome has crashed.)
</msg>
<status status="FAIL" starttime="20230117 15:09:27.673" endtime="20230117 15:09:28.947"/>
</kw>
<kw name="Set Window Size" library="Selenium2Library">
<arg>1200</arg>
<arg>1200</arg>
<doc>Sets current windows size to given ``width`` and ``height``.</doc>
<status status="NOT RUN" starttime="20230117 15:09:28.948" endtime="20230117 15:09:28.948"/>
</kw>
<status status="FAIL" starttime="20230117 15:09:27.672" endtime="20230117 15:09:28.949"/>
</kw>
<kw name="-INGRESAR EMAIL PARA LOGIN-" library="tests_keywords">
<arg>${email}</arg>
<status status="NOT RUN" starttime="20230117 15:09:28.950" endtime="20230117 15:09:28.950"/>
</kw>
<kw name="-INGRESAR PASSWORD PARA LOGIN-" library="tests_keywords">
<arg>${password}</arg>
<status status="NOT RUN" starttime="20230117 15:09:28.950" endtime="20230117 15:09:28.950"/>
</kw>
<kw name="Sleep" library="BuiltIn">
<arg>10</arg>
<doc>Pauses the test executed for the given time.</doc>
<status status="NOT RUN" starttime="20230117 15:09:28.950" endtime="20230117 15:09:28.950"/>
</kw>
<kw name="-VALIDAR CARGA HOME-" library="tests_keywords">
<status status="NOT RUN" starttime="20230117 15:09:28.951" endtime="20230117 15:09:28.951"/>
</kw>
<status status="FAIL" starttime="20230117 15:09:27.672" endtime="20230117 15:09:28.951"/>
</kw>
<kw name="-LOGOUT HOME CV-" library="tests_keywords">
<status status="NOT RUN" starttime="20230117 15:09:28.952" endtime="20230117 15:09:28.952"/>
</kw>
<kw name="-TERMINAR CONFIGURACIÓN TESTCASE-" library="libraries_keywords" type="TEARDOWN">
<kw name="Capture Page Screenshot" library="Selenium2Library">
<doc>Takes a screenshot of the current page and embeds it into a log file.</doc>
<msg timestamp="20230117 15:09:28.954" level="INFO">Cannot capture screenshot because no browser is open.</msg>
<status status="PASS" starttime="20230117 15:09:28.953" endtime="20230117 15:09:28.954"/>
</kw>
<status status="PASS" starttime="20230117 15:09:28.953" endtime="20230117 15:09:28.954"/>
</kw>
<status status="FAIL" starttime="20230117 15:09:27.668" endtime="20230117 15:09:28.954">WebDriverException: Message: unknown error: Chrome failed to start: crashed.
  (unknown error: DevToolsActivePort file doesn't exist)
  (The process started from chrome location /usr/bin/google-chrome is no longer running, so ChromeDriver is assuming that Chrome has crashed.)
</status>
</test>
<kw name="-TERMINAR CONFIGURACIÓN SUITETEST-" library="libraries_keywords" type="TEARDOWN">
<kw name="Capture Page Screenshot" library="Selenium2Library">
<doc>Takes a screenshot of the current page and embeds it into a log file.</doc>
<msg timestamp="20230117 15:09:28.957" level="INFO">Cannot capture screenshot because no browser is open.</msg>
<status status="PASS" starttime="20230117 15:09:28.956" endtime="20230117 15:09:28.957"/>
</kw>
<kw name="-CERRAR TODOS LOS NAVEGADORES-" library="libraries_keywords">
<kw name="Close All Browsers" library="Selenium2Library">
<doc>Closes all open browsers and resets the browser cache.</doc>
<status status="PASS" starttime="20230117 15:09:28.957" endtime="20230117 15:09:28.958"/>
</kw>
<status status="PASS" starttime="20230117 15:09:28.957" endtime="20230117 15:09:28.958"/>
</kw>
<status status="PASS" starttime="20230117 15:09:28.956" endtime="20230117 15:09:28.958"/>
</kw>
<doc>Ambiente Global FrameWork generico para ajustar de acuerdo al BRF</doc>
<status status="FAIL" starttime="20230117 15:09:18.917" endtime="20230117 15:09:28.958"/>
</suite>
<statistics>
<total>
<stat pass="0" fail="2" skip="0">All Tests</stat>
</total>
<tag>
</tag>
<suite>
<stat pass="0" fail="2" skip="0" id="s1" name="SuiteTestWEB">SuiteTestWEB</stat>
</suite>
</statistics>
<errors>
</errors>
</robot>
