<?xml version="1.0" encoding="UTF-8"?>
<robot generator="Robot 5.0 (Python 3.6.9 on linux)" generated="20230117 16:52:12.545" rpa="false" schemaversion="3">
<suite id="s1" name="SuiteTestWEB" source="/home/usr_admin/auto_qc/web_auto/QC_WEB_GENERIC_FRAMEWORK_GLOBAL/QC_WEB_FRAMEWORK_GLOBAL_ADDONS/testCases/SuiteTestWEB.robot">
<kw name="-CONFIGURACIÓN INICIAL SUITETEST-" library="libraries_keywords" type="SETUP">
<kw name="Sleep" library="BuiltIn">
<arg>3</arg>
<doc>Pauses the test executed for the given time.</doc>
<msg timestamp="20230117 16:52:15.966" level="INFO">Slept 3 seconds</msg>
<status status="PASS" starttime="20230117 16:52:12.966" endtime="20230117 16:52:15.967"/>
</kw>
<status status="PASS" starttime="20230117 16:52:12.965" endtime="20230117 16:52:15.967"/>
</kw>
<test id="s1-t1" name="Test Case 1 prueba Login gt" line="12">
<kw name="-CONFIGURACIÓN TESTCASE-" library="libraries_keywords" type="SETUP">
<kw name="-CONFIGURAR DIRECTORIO SCREENSHOTS-" library="libraries_keywords">
<kw name="Set Screenshot Directory" library="Selenium2Library">
<arg>${screenshots-folder}</arg>
<doc>Sets the directory for captured screenshots.</doc>
<status status="PASS" starttime="20230117 16:52:15.972" endtime="20230117 16:52:15.973"/>
</kw>
<status status="PASS" starttime="20230117 16:52:15.972" endtime="20230117 16:52:15.973"/>
</kw>
<status status="PASS" starttime="20230117 16:52:15.971" endtime="20230117 16:52:15.973"/>
</kw>
<kw name="-LOGIN HOME CV CON PERFIL-" library="tests_keywords">
<arg>${email_valido}</arg>
<arg>${pass_valido}</arg>
<kw name="-ABRIR LOGIN PAGE-" library="tests_keywords">
<kw name="Open Browser" library="Selenium2Library">
<arg>${url_login_page}</arg>
<arg>${browser}</arg>
<doc>Opens a new browser instance to the optional ``url``.</doc>
<msg timestamp="20230117 16:52:15.975" level="INFO">Opening browser 'headlesschrome' to base url 'https://www.clarovideo.com//login'.</msg>
<status status="PASS" starttime="20230117 16:52:15.975" endtime="20230117 16:52:19.910"/>
</kw>
<kw name="Set Window Size" library="Selenium2Library">
<arg>1200</arg>
<arg>1200</arg>
<doc>Sets current windows size to given ``width`` and ``height``.</doc>
<status status="PASS" starttime="20230117 16:52:19.910" endtime="20230117 16:52:20.015"/>
</kw>
<status status="PASS" starttime="20230117 16:52:15.974" endtime="20230117 16:52:20.015"/>
</kw>
<kw name="-INGRESAR EMAIL PARA LOGIN-" library="tests_keywords">
<arg>${email}</arg>
<kw name="Wait Until Element Is Visible" library="Selenium2Library">
<arg>${elementos_login_email['reg_emailtextbox']}</arg>
<doc>Waits until the element ``locator`` is visible.</doc>
<msg timestamp="20230117 16:52:40.930" level="INFO" html="true">&lt;/td&gt;&lt;/tr&gt;&lt;tr&gt;&lt;td colspan="3"&gt;&lt;a href="../screenshots/selenium-screenshot-56.png"&gt;&lt;img src="../screenshots/selenium-screenshot-56.png" width="800px"&gt;&lt;/a&gt;</msg>
<msg timestamp="20230117 16:52:40.932" level="FAIL">Element 'xpath=//input[@id="emailLogin"]' not visible after 5 seconds.</msg>
<status status="FAIL" starttime="20230117 16:52:20.017" endtime="20230117 16:52:40.933"/>
</kw>
<kw name="Input Text" library="Selenium2Library">
<arg>${elementos_login_email['reg_emailtextbox']}</arg>
<arg>${email}</arg>
<doc>Types the given ``text`` into the text field identified by ``locator``.</doc>
<status status="NOT RUN" starttime="20230117 16:52:40.934" endtime="20230117 16:52:40.934"/>
</kw>
<kw name="Click Button" library="Selenium2Library">
<arg>${elementos_login_email['log_siguiente']}</arg>
<doc>Clicks the button identified by ``locator``.</doc>
<status status="NOT RUN" starttime="20230117 16:52:40.934" endtime="20230117 16:52:40.935"/>
</kw>
<status status="FAIL" starttime="20230117 16:52:20.016" endtime="20230117 16:52:40.936"/>
</kw>
<kw name="-INGRESAR PASSWORD PARA LOGIN-" library="tests_keywords">
<arg>${password}</arg>
<status status="NOT RUN" starttime="20230117 16:52:40.936" endtime="20230117 16:52:40.936"/>
</kw>
<kw name="Sleep" library="BuiltIn">
<arg>10</arg>
<doc>Pauses the test executed for the given time.</doc>
<status status="NOT RUN" starttime="20230117 16:52:40.936" endtime="20230117 16:52:40.936"/>
</kw>
<kw name="-CLICK IMAGEN DE PERFIL-" library="tests_keywords">
<status status="NOT RUN" starttime="20230117 16:52:40.937" endtime="20230117 16:52:40.937"/>
</kw>
<kw name="Sleep" library="BuiltIn">
<arg>10</arg>
<doc>Pauses the test executed for the given time.</doc>
<status status="NOT RUN" starttime="20230117 16:52:40.937" endtime="20230117 16:52:40.937"/>
</kw>
<kw name="-VALIDAR CARGA HOME-" library="tests_keywords">
<status status="NOT RUN" starttime="20230117 16:52:40.937" endtime="20230117 16:52:40.937"/>
</kw>
<status status="FAIL" starttime="20230117 16:52:15.973" endtime="20230117 16:52:40.938"/>
</kw>
<kw name="-TERMINAR CONFIGURACIÓN TESTCASE-" library="libraries_keywords" type="TEARDOWN">
<kw name="Capture Page Screenshot" library="Selenium2Library">
<doc>Takes a screenshot of the current page and embeds it into a log file.</doc>
<msg timestamp="20230117 16:52:41.702" level="INFO" html="true">&lt;/td&gt;&lt;/tr&gt;&lt;tr&gt;&lt;td colspan="3"&gt;&lt;a href="../screenshots/selenium-screenshot-57.png"&gt;&lt;img src="../screenshots/selenium-screenshot-57.png" width="800px"&gt;&lt;/a&gt;</msg>
<status status="PASS" starttime="20230117 16:52:40.940" endtime="20230117 16:52:41.702"/>
</kw>
<status status="PASS" starttime="20230117 16:52:40.939" endtime="20230117 16:52:41.702"/>
</kw>
<status status="FAIL" starttime="20230117 16:52:15.968" endtime="20230117 16:52:41.702">Element 'xpath=//input[@id="emailLogin"]' not visible after 5 seconds.</status>
</test>
<test id="s1-t2" name="CV-WEB-ACCESO-VALIDAR LOGOUT" line="20">
<kw name="-CONFIGURACIÓN TESTCASE-" library="libraries_keywords" type="SETUP">
<kw name="-CONFIGURAR DIRECTORIO SCREENSHOTS-" library="libraries_keywords">
<kw name="Set Screenshot Directory" library="Selenium2Library">
<arg>${screenshots-folder}</arg>
<doc>Sets the directory for captured screenshots.</doc>
<status status="PASS" starttime="20230117 16:52:41.706" endtime="20230117 16:52:41.706"/>
</kw>
<status status="PASS" starttime="20230117 16:52:41.705" endtime="20230117 16:52:41.706"/>
</kw>
<status status="PASS" starttime="20230117 16:52:41.704" endtime="20230117 16:52:41.707"/>
</kw>
<kw name="-LOGIN HOME CV-" library="tests_keywords">
<arg>${email_valido}</arg>
<arg>${pass_valido}</arg>
<kw name="-ABRIR LOGIN PAGE-" library="tests_keywords">
<kw name="Open Browser" library="Selenium2Library">
<arg>${url_login_page}</arg>
<arg>${browser}</arg>
<doc>Opens a new browser instance to the optional ``url``.</doc>
<msg timestamp="20230117 16:52:41.709" level="INFO">Opening browser 'headlesschrome' to base url 'https://www.clarovideo.com//login'.</msg>
<status status="PASS" starttime="20230117 16:52:41.708" endtime="20230117 16:52:47.280"/>
</kw>
<kw name="Set Window Size" library="Selenium2Library">
<arg>1200</arg>
<arg>1200</arg>
<doc>Sets current windows size to given ``width`` and ``height``.</doc>
<status status="PASS" starttime="20230117 16:52:47.281" endtime="20230117 16:52:47.405"/>
</kw>
<status status="PASS" starttime="20230117 16:52:41.708" endtime="20230117 16:52:47.406"/>
</kw>
<kw name="-INGRESAR EMAIL PARA LOGIN-" library="tests_keywords">
<arg>${email}</arg>
<kw name="Wait Until Element Is Visible" library="Selenium2Library">
<arg>${elementos_login_email['reg_emailtextbox']}</arg>
<doc>Waits until the element ``locator`` is visible.</doc>
<msg timestamp="20230117 16:53:08.296" level="INFO" html="true">&lt;/td&gt;&lt;/tr&gt;&lt;tr&gt;&lt;td colspan="3"&gt;&lt;a href="../screenshots/selenium-screenshot-58.png"&gt;&lt;img src="../screenshots/selenium-screenshot-58.png" width="800px"&gt;&lt;/a&gt;</msg>
<msg timestamp="20230117 16:53:08.297" level="FAIL">Element 'xpath=//input[@id="emailLogin"]' not visible after 5 seconds.</msg>
<status status="FAIL" starttime="20230117 16:52:47.407" endtime="20230117 16:53:08.298"/>
</kw>
<kw name="Input Text" library="Selenium2Library">
<arg>${elementos_login_email['reg_emailtextbox']}</arg>
<arg>${email}</arg>
<doc>Types the given ``text`` into the text field identified by ``locator``.</doc>
<status status="NOT RUN" starttime="20230117 16:53:08.298" endtime="20230117 16:53:08.299"/>
</kw>
<kw name="Click Button" library="Selenium2Library">
<arg>${elementos_login_email['log_siguiente']}</arg>
<doc>Clicks the button identified by ``locator``.</doc>
<status status="NOT RUN" starttime="20230117 16:53:08.299" endtime="20230117 16:53:08.299"/>
</kw>
<status status="FAIL" starttime="20230117 16:52:47.406" endtime="20230117 16:53:08.300"/>
</kw>
<kw name="-INGRESAR PASSWORD PARA LOGIN-" library="tests_keywords">
<arg>${password}</arg>
<status status="NOT RUN" starttime="20230117 16:53:08.300" endtime="20230117 16:53:08.300"/>
</kw>
<kw name="Sleep" library="BuiltIn">
<arg>10</arg>
<doc>Pauses the test executed for the given time.</doc>
<status status="NOT RUN" starttime="20230117 16:53:08.301" endtime="20230117 16:53:08.301"/>
</kw>
<kw name="-VALIDAR CARGA HOME-" library="tests_keywords">
<status status="NOT RUN" starttime="20230117 16:53:08.301" endtime="20230117 16:53:08.301"/>
</kw>
<status status="FAIL" starttime="20230117 16:52:41.707" endtime="20230117 16:53:08.302"/>
</kw>
<kw name="-LOGOUT HOME CV-" library="tests_keywords">
<status status="NOT RUN" starttime="20230117 16:53:08.302" endtime="20230117 16:53:08.302"/>
</kw>
<kw name="-TERMINAR CONFIGURACIÓN TESTCASE-" library="libraries_keywords" type="TEARDOWN">
<kw name="Capture Page Screenshot" library="Selenium2Library">
<doc>Takes a screenshot of the current page and embeds it into a log file.</doc>
<msg timestamp="20230117 16:53:08.957" level="INFO" html="true">&lt;/td&gt;&lt;/tr&gt;&lt;tr&gt;&lt;td colspan="3"&gt;&lt;a href="../screenshots/selenium-screenshot-59.png"&gt;&lt;img src="../screenshots/selenium-screenshot-59.png" width="800px"&gt;&lt;/a&gt;</msg>
<status status="PASS" starttime="20230117 16:53:08.304" endtime="20230117 16:53:08.958"/>
</kw>
<status status="PASS" starttime="20230117 16:53:08.303" endtime="20230117 16:53:08.958"/>
</kw>
<status status="FAIL" starttime="20230117 16:52:41.703" endtime="20230117 16:53:08.958">Element 'xpath=//input[@id="emailLogin"]' not visible after 5 seconds.</status>
</test>
<kw name="-TERMINAR CONFIGURACIÓN SUITETEST-" library="libraries_keywords" type="TEARDOWN">
<kw name="Capture Page Screenshot" library="Selenium2Library">
<doc>Takes a screenshot of the current page and embeds it into a log file.</doc>
<msg timestamp="20230117 16:53:09.630" level="INFO" html="true">&lt;/td&gt;&lt;/tr&gt;&lt;tr&gt;&lt;td colspan="3"&gt;&lt;a href="../screenshots/selenium-screenshot-60.png"&gt;&lt;img src="../screenshots/selenium-screenshot-60.png" width="800px"&gt;&lt;/a&gt;</msg>
<status status="PASS" starttime="20230117 16:53:08.961" endtime="20230117 16:53:09.630"/>
</kw>
<kw name="-CERRAR TODOS LOS NAVEGADORES-" library="libraries_keywords">
<kw name="Close All Browsers" library="Selenium2Library">
<doc>Closes all open browsers and resets the browser cache.</doc>
<status status="PASS" starttime="20230117 16:53:09.631" endtime="20230117 16:53:09.752"/>
</kw>
<status status="PASS" starttime="20230117 16:53:09.631" endtime="20230117 16:53:09.753"/>
</kw>
<status status="PASS" starttime="20230117 16:53:08.960" endtime="20230117 16:53:09.753"/>
</kw>
<doc>Ambiente Global FrameWork generico para ajustar de acuerdo al BRF</doc>
<status status="FAIL" starttime="20230117 16:52:12.547" endtime="20230117 16:53:09.753"/>
</suite>
<statistics>
<total>
<stat pass="0" fail="2" skip="0">All Tests</stat>
</total>
<tag>
</tag>
<suite>
<stat pass="0" fail="2" skip="0" id="s1" name="SuiteTestWEB">SuiteTestWEB</stat>
</suite>
</statistics>
<errors>
<msg timestamp="20230117 16:52:12.825" level="ERROR">Error in file '/home/usr_admin/auto_qc/web_auto/QC_WEB_GENERIC_FRAMEWORK_GLOBAL/QC_WEB_FRAMEWORK_GLOBAL_ADDONS/resources/common_functionalities/tests_keywords.robot' on line 6: Importing library '/home/usr_admin/auto_qc/web_auto/QC_WEB_GENERIC_FRAMEWORK_GLOBAL/QC_WEB_FRAMEWORK_GLOBAL_ADDONS/resources/charles_proxy/charles_library.py' failed: IndentationError: expected an indented block (charles_library.py, line 32)
Traceback (most recent call last):
  None
PYTHONPATH:
  /home/usr_admin/auto_qc/web_auto/QC_WEB_GENERIC_FRAMEWORK_GLOBAL/QC_WEB_FRAMEWORK_GLOBAL_ADDONS/resources/charles_proxy
  /usr/local/bin
  /usr/lib/python36.zip
  /usr/lib/python3.6
  /usr/lib/python3.6/lib-dynload
  /var/lib/jenkins/.local/lib/python3.6/site-packages
  /usr/local/lib/python3.6/dist-packages
  /usr/lib/python3/dist-packages</msg>
<msg timestamp="20230117 16:52:12.865" level="ERROR">Error in file '/home/usr_admin/auto_qc/web_auto/QC_WEB_GENERIC_FRAMEWORK_GLOBAL/QC_WEB_FRAMEWORK_GLOBAL_ADDONS/resources/common_functionalities/libraries_keywords.robot' on line 6: Importing library '/home/usr_admin/auto_qc/web_auto/QC_WEB_GENERIC_FRAMEWORK_GLOBAL/QC_WEB_FRAMEWORK_GLOBAL_ADDONS/resources/charles_proxy/charles_library.py' failed: IndentationError: expected an indented block (charles_library.py, line 32)
Traceback (most recent call last):
  None
PYTHONPATH:
  /home/usr_admin/auto_qc/web_auto/QC_WEB_GENERIC_FRAMEWORK_GLOBAL/QC_WEB_FRAMEWORK_GLOBAL_ADDONS/resources/charles_proxy
  /usr/local/bin
  /usr/lib/python36.zip
  /usr/lib/python3.6
  /usr/lib/python3.6/lib-dynload
  /var/lib/jenkins/.local/lib/python3.6/site-packages
  /usr/local/lib/python3.6/dist-packages
  /usr/lib/python3/dist-packages</msg>
</errors>
</robot>
