<?xml version="1.0" encoding="UTF-8"?>
<robot generator="Robot 5.0.1 (Python 3.6.9 on linux)" generated="20230117 15:13:05.642" rpa="false" schemaversion="3">
<suite id="s1" name="SuiteTestWEB" source="/home/usr_admin/auto_qc/web_auto/QC_WEB_GENERIC_FRAMEWORK_GLOBAL/QC_WEB_FRAMEWORK_GLOBAL_ADDONS/testCases/SuiteTestWEB.robot">
<kw name="-CONFIGURACIÓN INICIAL SUITETEST-" library="libraries_keywords" type="SETUP">
<kw name="Sleep" library="BuiltIn">
<arg>3</arg>
<doc>Pauses the test executed for the given time.</doc>
<msg timestamp="20230117 15:13:13.095" level="INFO">Slept 3 seconds</msg>
<status status="PASS" starttime="20230117 15:13:10.095" endtime="20230117 15:13:13.096"/>
</kw>
<status status="PASS" starttime="20230117 15:13:10.094" endtime="20230117 15:13:13.096"/>
</kw>
<test id="s1-t1" name="Test Case 1 prueba Login co" line="12">
<kw name="-CONFIGURACIÓN TESTCASE-" library="libraries_keywords" type="SETUP">
<kw name="-CONFIGURAR DIRECTORIO SCREENSHOTS-" library="libraries_keywords">
<kw name="Set Screenshot Directory" library="Selenium2Library">
<arg>${screenshots-folder}</arg>
<doc>Sets the directory for captured screenshots.</doc>
<status status="PASS" starttime="20230117 15:13:13.101" endtime="20230117 15:13:13.102"/>
</kw>
<status status="PASS" starttime="20230117 15:13:13.101" endtime="20230117 15:13:13.102"/>
</kw>
<status status="PASS" starttime="20230117 15:13:13.100" endtime="20230117 15:13:13.103"/>
</kw>
<kw name="-LOGIN HOME CV CON PERFIL-" library="tests_keywords">
<arg>${email_valido}</arg>
<arg>${pass_valido}</arg>
<kw name="-ABRIR LOGIN PAGE-" library="tests_keywords">
<kw name="Open Browser" library="Selenium2Library">
<arg>${url_login_page}</arg>
<arg>${browser}</arg>
<doc>Opens a new browser instance to the optional ``url``.</doc>
<msg timestamp="20230117 15:13:13.105" level="INFO">Opening browser 'chrome' to base url 'https://www.clarovideo.com/colombia/login'.</msg>
<msg timestamp="20230117 15:13:14.227" level="INFO">Cannot capture screenshot because no browser is open.</msg>
<msg timestamp="20230117 15:13:14.228" level="FAIL">WebDriverException: Message: unknown error: Chrome failed to start: exited abnormally.
  (unknown error: DevToolsActivePort file doesn't exist)
  (The process started from chrome location /usr/bin/google-chrome is no longer running, so ChromeDriver is assuming that Chrome has crashed.)
</msg>
<status status="FAIL" starttime="20230117 15:13:13.104" endtime="20230117 15:13:14.230"/>
</kw>
<kw name="Set Window Size" library="Selenium2Library">
<arg>1200</arg>
<arg>1200</arg>
<doc>Sets current windows size to given ``width`` and ``height``.</doc>
<status status="NOT RUN" starttime="20230117 15:13:14.231" endtime="20230117 15:13:14.232"/>
</kw>
<status status="FAIL" starttime="20230117 15:13:13.104" endtime="20230117 15:13:14.233"/>
</kw>
<kw name="-INGRESAR EMAIL PARA LOGIN-" library="tests_keywords">
<arg>${email}</arg>
<status status="NOT RUN" starttime="20230117 15:13:14.233" endtime="20230117 15:13:14.233"/>
</kw>
<kw name="-INGRESAR PASSWORD PARA LOGIN-" library="tests_keywords">
<arg>${password}</arg>
<status status="NOT RUN" starttime="20230117 15:13:14.233" endtime="20230117 15:13:14.233"/>
</kw>
<kw name="Sleep" library="BuiltIn">
<arg>10</arg>
<doc>Pauses the test executed for the given time.</doc>
<status status="NOT RUN" starttime="20230117 15:13:14.234" endtime="20230117 15:13:14.234"/>
</kw>
<kw name="-CLICK IMAGEN DE PERFIL-" library="tests_keywords">
<status status="NOT RUN" starttime="20230117 15:13:14.234" endtime="20230117 15:13:14.234"/>
</kw>
<kw name="Sleep" library="BuiltIn">
<arg>10</arg>
<doc>Pauses the test executed for the given time.</doc>
<status status="NOT RUN" starttime="20230117 15:13:14.234" endtime="20230117 15:13:14.234"/>
</kw>
<kw name="-VALIDAR CARGA HOME-" library="tests_keywords">
<status status="NOT RUN" starttime="20230117 15:13:14.234" endtime="20230117 15:13:14.234"/>
</kw>
<status status="FAIL" starttime="20230117 15:13:13.103" endtime="20230117 15:13:14.235"/>
</kw>
<kw name="-TERMINAR CONFIGURACIÓN TESTCASE-" library="libraries_keywords" type="TEARDOWN">
<kw name="Capture Page Screenshot" library="Selenium2Library">
<doc>Takes a screenshot of the current page and embeds it into a log file.</doc>
<msg timestamp="20230117 15:13:14.237" level="INFO">Cannot capture screenshot because no browser is open.</msg>
<status status="PASS" starttime="20230117 15:13:14.237" endtime="20230117 15:13:14.238"/>
</kw>
<status status="PASS" starttime="20230117 15:13:14.236" endtime="20230117 15:13:14.238"/>
</kw>
<status status="FAIL" starttime="20230117 15:13:13.097" endtime="20230117 15:13:14.238">WebDriverException: Message: unknown error: Chrome failed to start: exited abnormally.
  (unknown error: DevToolsActivePort file doesn't exist)
  (The process started from chrome location /usr/bin/google-chrome is no longer running, so ChromeDriver is assuming that Chrome has crashed.)
</status>
</test>
<test id="s1-t2" name="CV-WEB-ACCESO-VALIDAR LOGOUT" line="20">
<kw name="-CONFIGURACIÓN TESTCASE-" library="libraries_keywords" type="SETUP">
<kw name="-CONFIGURAR DIRECTORIO SCREENSHOTS-" library="libraries_keywords">
<kw name="Set Screenshot Directory" library="Selenium2Library">
<arg>${screenshots-folder}</arg>
<doc>Sets the directory for captured screenshots.</doc>
<status status="PASS" starttime="20230117 15:13:14.241" endtime="20230117 15:13:14.241"/>
</kw>
<status status="PASS" starttime="20230117 15:13:14.240" endtime="20230117 15:13:14.242"/>
</kw>
<status status="PASS" starttime="20230117 15:13:14.240" endtime="20230117 15:13:14.242"/>
</kw>
<kw name="-LOGIN HOME CV-" library="tests_keywords">
<arg>${email_valido}</arg>
<arg>${pass_valido}</arg>
<kw name="-ABRIR LOGIN PAGE-" library="tests_keywords">
<kw name="Open Browser" library="Selenium2Library">
<arg>${url_login_page}</arg>
<arg>${browser}</arg>
<doc>Opens a new browser instance to the optional ``url``.</doc>
<msg timestamp="20230117 15:13:14.244" level="INFO">Opening browser 'chrome' to base url 'https://www.clarovideo.com/colombia/login'.</msg>
<msg timestamp="20230117 15:13:15.363" level="INFO">Cannot capture screenshot because no browser is open.</msg>
<msg timestamp="20230117 15:13:15.364" level="FAIL">WebDriverException: Message: unknown error: Chrome failed to start: exited abnormally.
  (unknown error: DevToolsActivePort file doesn't exist)
  (The process started from chrome location /usr/bin/google-chrome is no longer running, so ChromeDriver is assuming that Chrome has crashed.)
</msg>
<status status="FAIL" starttime="20230117 15:13:14.243" endtime="20230117 15:13:15.364"/>
</kw>
<kw name="Set Window Size" library="Selenium2Library">
<arg>1200</arg>
<arg>1200</arg>
<doc>Sets current windows size to given ``width`` and ``height``.</doc>
<status status="NOT RUN" starttime="20230117 15:13:15.365" endtime="20230117 15:13:15.365"/>
</kw>
<status status="FAIL" starttime="20230117 15:13:14.243" endtime="20230117 15:13:15.366"/>
</kw>
<kw name="-INGRESAR EMAIL PARA LOGIN-" library="tests_keywords">
<arg>${email}</arg>
<status status="NOT RUN" starttime="20230117 15:13:15.367" endtime="20230117 15:13:15.367"/>
</kw>
<kw name="-INGRESAR PASSWORD PARA LOGIN-" library="tests_keywords">
<arg>${password}</arg>
<status status="NOT RUN" starttime="20230117 15:13:15.367" endtime="20230117 15:13:15.367"/>
</kw>
<kw name="Sleep" library="BuiltIn">
<arg>10</arg>
<doc>Pauses the test executed for the given time.</doc>
<status status="NOT RUN" starttime="20230117 15:13:15.368" endtime="20230117 15:13:15.368"/>
</kw>
<kw name="-VALIDAR CARGA HOME-" library="tests_keywords">
<status status="NOT RUN" starttime="20230117 15:13:15.368" endtime="20230117 15:13:15.368"/>
</kw>
<status status="FAIL" starttime="20230117 15:13:14.242" endtime="20230117 15:13:15.369"/>
</kw>
<kw name="-LOGOUT HOME CV-" library="tests_keywords">
<status status="NOT RUN" starttime="20230117 15:13:15.369" endtime="20230117 15:13:15.369"/>
</kw>
<kw name="-TERMINAR CONFIGURACIÓN TESTCASE-" library="libraries_keywords" type="TEARDOWN">
<kw name="Capture Page Screenshot" library="Selenium2Library">
<doc>Takes a screenshot of the current page and embeds it into a log file.</doc>
<msg timestamp="20230117 15:13:15.371" level="INFO">Cannot capture screenshot because no browser is open.</msg>
<status status="PASS" starttime="20230117 15:13:15.371" endtime="20230117 15:13:15.371"/>
</kw>
<status status="PASS" starttime="20230117 15:13:15.370" endtime="20230117 15:13:15.371"/>
</kw>
<status status="FAIL" starttime="20230117 15:13:14.239" endtime="20230117 15:13:15.372">WebDriverException: Message: unknown error: Chrome failed to start: exited abnormally.
  (unknown error: DevToolsActivePort file doesn't exist)
  (The process started from chrome location /usr/bin/google-chrome is no longer running, so ChromeDriver is assuming that Chrome has crashed.)
</status>
</test>
<kw name="-TERMINAR CONFIGURACIÓN SUITETEST-" library="libraries_keywords" type="TEARDOWN">
<kw name="Capture Page Screenshot" library="Selenium2Library">
<doc>Takes a screenshot of the current page and embeds it into a log file.</doc>
<msg timestamp="20230117 15:13:15.374" level="INFO">Cannot capture screenshot because no browser is open.</msg>
<status status="PASS" starttime="20230117 15:13:15.374" endtime="20230117 15:13:15.374"/>
</kw>
<kw name="-CERRAR TODOS LOS NAVEGADORES-" library="libraries_keywords">
<kw name="Close All Browsers" library="Selenium2Library">
<doc>Closes all open browsers and resets the browser cache.</doc>
<status status="PASS" starttime="20230117 15:13:15.375" endtime="20230117 15:13:15.375"/>
</kw>
<status status="PASS" starttime="20230117 15:13:15.374" endtime="20230117 15:13:15.375"/>
</kw>
<status status="PASS" starttime="20230117 15:13:15.373" endtime="20230117 15:13:15.375"/>
</kw>
<doc>Ambiente Global FrameWork generico para ajustar de acuerdo al BRF</doc>
<status status="FAIL" starttime="20230117 15:13:05.644" endtime="20230117 15:13:15.375"/>
</suite>
<statistics>
<total>
<stat pass="0" fail="2" skip="0">All Tests</stat>
</total>
<tag>
</tag>
<suite>
<stat pass="0" fail="2" skip="0" id="s1" name="SuiteTestWEB">SuiteTestWEB</stat>
</suite>
</statistics>
<errors>
</errors>
</robot>
