<?xml version="1.0" encoding="UTF-8"?>
<robot generator="Robot 5.0.1 (Python 3.6.9 on linux)" generated="20230117 14:46:11.122" rpa="false" schemaversion="3">
<suite id="s1" name="SuiteTestWEB" source="/home/usr_admin/auto_qc/web_auto/QC_WEB_GENERIC_FRAMEWORK_GLOBAL/QC_WEB_FRAMEWORK_GLOBAL_ADDONS/testCases/SuiteTestWEB.robot">
<kw name="-CONFIGURACIÓN INICIAL SUITETEST-" library="libraries_keywords" type="SETUP">
<kw name="Sleep" library="BuiltIn">
<arg>3</arg>
<doc>Pauses the test executed for the given time.</doc>
<msg timestamp="20230117 14:46:18.806" level="INFO">Slept 3 seconds</msg>
<status status="PASS" starttime="20230117 14:46:15.805" endtime="20230117 14:46:18.806"/>
</kw>
<status status="PASS" starttime="20230117 14:46:15.805" endtime="20230117 14:46:18.806"/>
</kw>
<test id="s1-t1" name="Test Case 1 prueba Login mx" line="12">
<kw name="-CONFIGURACIÓN TESTCASE-" library="libraries_keywords" type="SETUP">
<kw name="-CONFIGURAR DIRECTORIO SCREENSHOTS-" library="libraries_keywords">
<kw name="Set Screenshot Directory" library="Selenium2Library">
<arg>${screenshots-folder}</arg>
<doc>Sets the directory for captured screenshots.</doc>
<status status="PASS" starttime="20230117 14:46:18.811" endtime="20230117 14:46:18.813"/>
</kw>
<status status="PASS" starttime="20230117 14:46:18.810" endtime="20230117 14:46:18.813"/>
</kw>
<status status="PASS" starttime="20230117 14:46:18.810" endtime="20230117 14:46:18.813"/>
</kw>
<kw name="-LOGIN HOME CV CON PERFIL-" library="tests_keywords">
<arg>${email_valido}</arg>
<arg>${pass_valido}</arg>
<kw name="-ABRIR LOGIN PAGE-" library="tests_keywords">
<kw name="Open Browser" library="Selenium2Library">
<arg>${url_login_page}</arg>
<arg>${browser}</arg>
<doc>Opens a new browser instance to the optional ``url``.</doc>
<msg timestamp="20230117 14:46:18.815" level="INFO">Opening browser 'headlesschrome' to base url 'https://www.clarovideo.com/mexico/login'.</msg>
<msg timestamp="20230117 14:46:22.518" level="INFO">Cannot capture screenshot because no browser is open.</msg>
<msg timestamp="20230117 14:46:22.520" level="FAIL">WebDriverException: Message: unknown error: Chrome failed to start: crashed.
  (unknown error: DevToolsActivePort file doesn't exist)
  (The process started from chrome location /usr/bin/google-chrome is no longer running, so ChromeDriver is assuming that Chrome has crashed.)
</msg>
<status status="FAIL" starttime="20230117 14:46:18.815" endtime="20230117 14:46:22.548"/>
</kw>
<kw name="Set Window Size" library="Selenium2Library">
<arg>1200</arg>
<arg>1200</arg>
<doc>Sets current windows size to given ``width`` and ``height``.</doc>
<status status="NOT RUN" starttime="20230117 14:46:22.549" endtime="20230117 14:46:22.549"/>
</kw>
<status status="FAIL" starttime="20230117 14:46:18.814" endtime="20230117 14:46:22.550"/>
</kw>
<kw name="-INGRESAR EMAIL PARA LOGIN-" library="tests_keywords">
<arg>${email}</arg>
<status status="NOT RUN" starttime="20230117 14:46:22.551" endtime="20230117 14:46:22.551"/>
</kw>
<kw name="-INGRESAR PASSWORD PARA LOGIN-" library="tests_keywords">
<arg>${password}</arg>
<status status="NOT RUN" starttime="20230117 14:46:22.551" endtime="20230117 14:46:22.551"/>
</kw>
<kw name="Sleep" library="BuiltIn">
<arg>10</arg>
<doc>Pauses the test executed for the given time.</doc>
<status status="NOT RUN" starttime="20230117 14:46:22.551" endtime="20230117 14:46:22.551"/>
</kw>
<kw name="-CLICK IMAGEN DE PERFIL-" library="tests_keywords">
<status status="NOT RUN" starttime="20230117 14:46:22.551" endtime="20230117 14:46:22.551"/>
</kw>
<kw name="Sleep" library="BuiltIn">
<arg>10</arg>
<doc>Pauses the test executed for the given time.</doc>
<status status="NOT RUN" starttime="20230117 14:46:22.552" endtime="20230117 14:46:22.552"/>
</kw>
<kw name="-VALIDAR CARGA HOME-" library="tests_keywords">
<status status="NOT RUN" starttime="20230117 14:46:22.552" endtime="20230117 14:46:22.552"/>
</kw>
<status status="FAIL" starttime="20230117 14:46:18.813" endtime="20230117 14:46:22.553"/>
</kw>
<kw name="-TERMINAR CONFIGURACIÓN TESTCASE-" library="libraries_keywords" type="TEARDOWN">
<kw name="Capture Page Screenshot" library="Selenium2Library">
<doc>Takes a screenshot of the current page and embeds it into a log file.</doc>
<msg timestamp="20230117 14:46:22.555" level="INFO">Cannot capture screenshot because no browser is open.</msg>
<status status="PASS" starttime="20230117 14:46:22.555" endtime="20230117 14:46:22.555"/>
</kw>
<status status="PASS" starttime="20230117 14:46:22.554" endtime="20230117 14:46:22.555"/>
</kw>
<status status="FAIL" starttime="20230117 14:46:18.807" endtime="20230117 14:46:22.556">WebDriverException: Message: unknown error: Chrome failed to start: crashed.
  (unknown error: DevToolsActivePort file doesn't exist)
  (The process started from chrome location /usr/bin/google-chrome is no longer running, so ChromeDriver is assuming that Chrome has crashed.)
</status>
</test>
<test id="s1-t2" name="CV-WEB-ACCESO-VALIDAR LOGOUT" line="20">
<kw name="-CONFIGURACIÓN TESTCASE-" library="libraries_keywords" type="SETUP">
<kw name="-CONFIGURAR DIRECTORIO SCREENSHOTS-" library="libraries_keywords">
<kw name="Set Screenshot Directory" library="Selenium2Library">
<arg>${screenshots-folder}</arg>
<doc>Sets the directory for captured screenshots.</doc>
<status status="PASS" starttime="20230117 14:46:22.559" endtime="20230117 14:46:22.559"/>
</kw>
<status status="PASS" starttime="20230117 14:46:22.558" endtime="20230117 14:46:22.559"/>
</kw>
<status status="PASS" starttime="20230117 14:46:22.558" endtime="20230117 14:46:22.560"/>
</kw>
<kw name="-LOGIN HOME CV-" library="tests_keywords">
<arg>${email_valido}</arg>
<arg>${pass_valido}</arg>
<kw name="-ABRIR LOGIN PAGE-" library="tests_keywords">
<kw name="Open Browser" library="Selenium2Library">
<arg>${url_login_page}</arg>
<arg>${browser}</arg>
<doc>Opens a new browser instance to the optional ``url``.</doc>
<msg timestamp="20230117 14:46:22.562" level="INFO">Opening browser 'headlesschrome' to base url 'https://www.clarovideo.com/mexico/login'.</msg>
<msg timestamp="20230117 14:46:23.783" level="INFO">Cannot capture screenshot because no browser is open.</msg>
<msg timestamp="20230117 14:46:23.784" level="FAIL">WebDriverException: Message: unknown error: Chrome failed to start: crashed.
  (unknown error: DevToolsActivePort file doesn't exist)
  (The process started from chrome location /usr/bin/google-chrome is no longer running, so ChromeDriver is assuming that Chrome has crashed.)
</msg>
<status status="FAIL" starttime="20230117 14:46:22.561" endtime="20230117 14:46:23.784"/>
</kw>
<kw name="Set Window Size" library="Selenium2Library">
<arg>1200</arg>
<arg>1200</arg>
<doc>Sets current windows size to given ``width`` and ``height``.</doc>
<status status="NOT RUN" starttime="20230117 14:46:23.785" endtime="20230117 14:46:23.785"/>
</kw>
<status status="FAIL" starttime="20230117 14:46:22.561" endtime="20230117 14:46:23.786"/>
</kw>
<kw name="-INGRESAR EMAIL PARA LOGIN-" library="tests_keywords">
<arg>${email}</arg>
<status status="NOT RUN" starttime="20230117 14:46:23.787" endtime="20230117 14:46:23.787"/>
</kw>
<kw name="-INGRESAR PASSWORD PARA LOGIN-" library="tests_keywords">
<arg>${password}</arg>
<status status="NOT RUN" starttime="20230117 14:46:23.787" endtime="20230117 14:46:23.787"/>
</kw>
<kw name="Sleep" library="BuiltIn">
<arg>10</arg>
<doc>Pauses the test executed for the given time.</doc>
<status status="NOT RUN" starttime="20230117 14:46:23.788" endtime="20230117 14:46:23.788"/>
</kw>
<kw name="-VALIDAR CARGA HOME-" library="tests_keywords">
<status status="NOT RUN" starttime="20230117 14:46:23.788" endtime="20230117 14:46:23.788"/>
</kw>
<status status="FAIL" starttime="20230117 14:46:22.560" endtime="20230117 14:46:23.789"/>
</kw>
<kw name="-LOGOUT HOME CV-" library="tests_keywords">
<status status="NOT RUN" starttime="20230117 14:46:23.789" endtime="20230117 14:46:23.789"/>
</kw>
<kw name="-TERMINAR CONFIGURACIÓN TESTCASE-" library="libraries_keywords" type="TEARDOWN">
<kw name="Capture Page Screenshot" library="Selenium2Library">
<doc>Takes a screenshot of the current page and embeds it into a log file.</doc>
<msg timestamp="20230117 14:46:23.791" level="INFO">Cannot capture screenshot because no browser is open.</msg>
<status status="PASS" starttime="20230117 14:46:23.790" endtime="20230117 14:46:23.791"/>
</kw>
<status status="PASS" starttime="20230117 14:46:23.790" endtime="20230117 14:46:23.791"/>
</kw>
<status status="FAIL" starttime="20230117 14:46:22.557" endtime="20230117 14:46:23.792">WebDriverException: Message: unknown error: Chrome failed to start: crashed.
  (unknown error: DevToolsActivePort file doesn't exist)
  (The process started from chrome location /usr/bin/google-chrome is no longer running, so ChromeDriver is assuming that Chrome has crashed.)
</status>
</test>
<kw name="-TERMINAR CONFIGURACIÓN SUITETEST-" library="libraries_keywords" type="TEARDOWN">
<kw name="Capture Page Screenshot" library="Selenium2Library">
<doc>Takes a screenshot of the current page and embeds it into a log file.</doc>
<msg timestamp="20230117 14:46:23.794" level="INFO">Cannot capture screenshot because no browser is open.</msg>
<status status="PASS" starttime="20230117 14:46:23.794" endtime="20230117 14:46:23.794"/>
</kw>
<kw name="-CERRAR TODOS LOS NAVEGADORES-" library="libraries_keywords">
<kw name="Close All Browsers" library="Selenium2Library">
<doc>Closes all open browsers and resets the browser cache.</doc>
<status status="PASS" starttime="20230117 14:46:23.795" endtime="20230117 14:46:23.795"/>
</kw>
<status status="PASS" starttime="20230117 14:46:23.794" endtime="20230117 14:46:23.795"/>
</kw>
<status status="PASS" starttime="20230117 14:46:23.793" endtime="20230117 14:46:23.795"/>
</kw>
<doc>Ambiente Global FrameWork generico para ajustar de acuerdo al BRF</doc>
<status status="FAIL" starttime="20230117 14:46:11.124" endtime="20230117 14:46:23.795"/>
</suite>
<statistics>
<total>
<stat pass="0" fail="2" skip="0">All Tests</stat>
</total>
<tag>
</tag>
<suite>
<stat pass="0" fail="2" skip="0" id="s1" name="SuiteTestWEB">SuiteTestWEB</stat>
</suite>
</statistics>
<errors>
</errors>
</robot>
