<?xml version="1.0" encoding="UTF-8"?>
<robot generator="Robot 5.0 (Python 3.6.9 on linux)" generated="20230117 16:36:34.406" rpa="false" schemaversion="3">
<suite id="s1" name="SuiteTestWEB" source="/home/usr_admin/auto_qc/web_auto/QC_WEB_GENERIC_FRAMEWORK_GLOBAL/QC_WEB_FRAMEWORK_GLOBAL_ADDONS/testCases/SuiteTestWEB.robot">
<kw name="-CONFIGURACIÓN INICIAL SUITETEST-" library="libraries_keywords" type="SETUP">
<kw name="Sleep" library="BuiltIn">
<arg>3</arg>
<doc>Pauses the test executed for the given time.</doc>
<msg timestamp="20230117 16:36:37.829" level="INFO">Slept 3 seconds</msg>
<status status="PASS" starttime="20230117 16:36:34.829" endtime="20230117 16:36:37.830"/>
</kw>
<status status="PASS" starttime="20230117 16:36:34.828" endtime="20230117 16:36:37.830"/>
</kw>
<test id="s1-t1" name="Test Case 1 prueba Login gt" line="12">
<kw name="-CONFIGURACIÓN TESTCASE-" library="libraries_keywords" type="SETUP">
<kw name="-CONFIGURAR DIRECTORIO SCREENSHOTS-" library="libraries_keywords">
<kw name="Set Screenshot Directory" library="Selenium2Library">
<arg>${screenshots-folder}</arg>
<doc>Sets the directory for captured screenshots.</doc>
<status status="PASS" starttime="20230117 16:36:37.835" endtime="20230117 16:36:37.835"/>
</kw>
<status status="PASS" starttime="20230117 16:36:37.834" endtime="20230117 16:36:37.836"/>
</kw>
<status status="PASS" starttime="20230117 16:36:37.834" endtime="20230117 16:36:37.836"/>
</kw>
<kw name="-LOGIN HOME CV CON PERFIL-" library="tests_keywords">
<arg>${email_valido}</arg>
<arg>${pass_valido}</arg>
<kw name="-ABRIR LOGIN PAGE-" library="tests_keywords">
<kw name="Open Browser" library="Selenium2Library">
<arg>${url_login_page}</arg>
<arg>${browser}</arg>
<doc>Opens a new browser instance to the optional ``url``.</doc>
<msg timestamp="20230117 16:36:37.838" level="INFO">Opening browser 'headlesschrome' to base url 'https://www.clarovideo.com//login'.</msg>
<status status="PASS" starttime="20230117 16:36:37.837" endtime="20230117 16:36:42.909"/>
</kw>
<kw name="Set Window Size" library="Selenium2Library">
<arg>1200</arg>
<arg>1200</arg>
<doc>Sets current windows size to given ``width`` and ``height``.</doc>
<status status="PASS" starttime="20230117 16:36:42.910" endtime="20230117 16:36:43.018"/>
</kw>
<status status="PASS" starttime="20230117 16:36:37.837" endtime="20230117 16:36:43.018"/>
</kw>
<kw name="-INGRESAR EMAIL PARA LOGIN-" library="tests_keywords">
<arg>${email}</arg>
<kw name="Wait Until Element Is Visible" library="Selenium2Library">
<arg>${elementos_login_email['reg_emailtextbox']}</arg>
<doc>Waits until the element ``locator`` is visible.</doc>
<msg timestamp="20230117 16:37:03.968" level="INFO" html="true">&lt;/td&gt;&lt;/tr&gt;&lt;tr&gt;&lt;td colspan="3"&gt;&lt;a href="../screenshots/selenium-screenshot-36.png"&gt;&lt;img src="../screenshots/selenium-screenshot-36.png" width="800px"&gt;&lt;/a&gt;</msg>
<msg timestamp="20230117 16:37:03.970" level="FAIL">Element 'xpath=//input[@id="emailLogin"]' not visible after 5 seconds.</msg>
<status status="FAIL" starttime="20230117 16:36:43.019" endtime="20230117 16:37:03.971"/>
</kw>
<kw name="Input Text" library="Selenium2Library">
<arg>${elementos_login_email['reg_emailtextbox']}</arg>
<arg>${email}</arg>
<doc>Types the given ``text`` into the text field identified by ``locator``.</doc>
<status status="NOT RUN" starttime="20230117 16:37:03.971" endtime="20230117 16:37:03.972"/>
</kw>
<kw name="Click Button" library="Selenium2Library">
<arg>${elementos_login_email['log_siguiente']}</arg>
<doc>Clicks the button identified by ``locator``.</doc>
<status status="NOT RUN" starttime="20230117 16:37:03.972" endtime="20230117 16:37:03.972"/>
</kw>
<status status="FAIL" starttime="20230117 16:36:43.018" endtime="20230117 16:37:03.973"/>
</kw>
<kw name="-INGRESAR PASSWORD PARA LOGIN-" library="tests_keywords">
<arg>${password}</arg>
<status status="NOT RUN" starttime="20230117 16:37:03.973" endtime="20230117 16:37:03.973"/>
</kw>
<kw name="Sleep" library="BuiltIn">
<arg>10</arg>
<doc>Pauses the test executed for the given time.</doc>
<status status="NOT RUN" starttime="20230117 16:37:03.974" endtime="20230117 16:37:03.974"/>
</kw>
<kw name="-CLICK IMAGEN DE PERFIL-" library="tests_keywords">
<status status="NOT RUN" starttime="20230117 16:37:03.974" endtime="20230117 16:37:03.974"/>
</kw>
<kw name="Sleep" library="BuiltIn">
<arg>10</arg>
<doc>Pauses the test executed for the given time.</doc>
<status status="NOT RUN" starttime="20230117 16:37:03.974" endtime="20230117 16:37:03.974"/>
</kw>
<kw name="-VALIDAR CARGA HOME-" library="tests_keywords">
<status status="NOT RUN" starttime="20230117 16:37:03.974" endtime="20230117 16:37:03.974"/>
</kw>
<status status="FAIL" starttime="20230117 16:36:37.836" endtime="20230117 16:37:03.975"/>
</kw>
<kw name="-TERMINAR CONFIGURACIÓN TESTCASE-" library="libraries_keywords" type="TEARDOWN">
<kw name="Capture Page Screenshot" library="Selenium2Library">
<doc>Takes a screenshot of the current page and embeds it into a log file.</doc>
<msg timestamp="20230117 16:37:04.638" level="INFO" html="true">&lt;/td&gt;&lt;/tr&gt;&lt;tr&gt;&lt;td colspan="3"&gt;&lt;a href="../screenshots/selenium-screenshot-37.png"&gt;&lt;img src="../screenshots/selenium-screenshot-37.png" width="800px"&gt;&lt;/a&gt;</msg>
<status status="PASS" starttime="20230117 16:37:03.977" endtime="20230117 16:37:04.638"/>
</kw>
<status status="PASS" starttime="20230117 16:37:03.976" endtime="20230117 16:37:04.638"/>
</kw>
<status status="FAIL" starttime="20230117 16:36:37.831" endtime="20230117 16:37:04.638">Element 'xpath=//input[@id="emailLogin"]' not visible after 5 seconds.</status>
</test>
<test id="s1-t2" name="CV-WEB-ACCESO-VALIDAR LOGOUT" line="20">
<kw name="-CONFIGURACIÓN TESTCASE-" library="libraries_keywords" type="SETUP">
<kw name="-CONFIGURAR DIRECTORIO SCREENSHOTS-" library="libraries_keywords">
<kw name="Set Screenshot Directory" library="Selenium2Library">
<arg>${screenshots-folder}</arg>
<doc>Sets the directory for captured screenshots.</doc>
<status status="PASS" starttime="20230117 16:37:04.642" endtime="20230117 16:37:04.642"/>
</kw>
<status status="PASS" starttime="20230117 16:37:04.641" endtime="20230117 16:37:04.643"/>
</kw>
<status status="PASS" starttime="20230117 16:37:04.640" endtime="20230117 16:37:04.643"/>
</kw>
<kw name="-LOGIN HOME CV-" library="tests_keywords">
<arg>${email_valido}</arg>
<arg>${pass_valido}</arg>
<kw name="-ABRIR LOGIN PAGE-" library="tests_keywords">
<kw name="Open Browser" library="Selenium2Library">
<arg>${url_login_page}</arg>
<arg>${browser}</arg>
<doc>Opens a new browser instance to the optional ``url``.</doc>
<msg timestamp="20230117 16:37:04.645" level="INFO">Opening browser 'headlesschrome' to base url 'https://www.clarovideo.com//login'.</msg>
<status status="PASS" starttime="20230117 16:37:04.644" endtime="20230117 16:37:10.129"/>
</kw>
<kw name="Set Window Size" library="Selenium2Library">
<arg>1200</arg>
<arg>1200</arg>
<doc>Sets current windows size to given ``width`` and ``height``.</doc>
<status status="PASS" starttime="20230117 16:37:10.130" endtime="20230117 16:37:10.259"/>
</kw>
<status status="PASS" starttime="20230117 16:37:04.644" endtime="20230117 16:37:10.259"/>
</kw>
<kw name="-INGRESAR EMAIL PARA LOGIN-" library="tests_keywords">
<arg>${email}</arg>
<kw name="Wait Until Element Is Visible" library="Selenium2Library">
<arg>${elementos_login_email['reg_emailtextbox']}</arg>
<doc>Waits until the element ``locator`` is visible.</doc>
<msg timestamp="20230117 16:37:31.173" level="INFO" html="true">&lt;/td&gt;&lt;/tr&gt;&lt;tr&gt;&lt;td colspan="3"&gt;&lt;a href="../screenshots/selenium-screenshot-38.png"&gt;&lt;img src="../screenshots/selenium-screenshot-38.png" width="800px"&gt;&lt;/a&gt;</msg>
<msg timestamp="20230117 16:37:31.174" level="FAIL">Element 'xpath=//input[@id="emailLogin"]' not visible after 5 seconds.</msg>
<status status="FAIL" starttime="20230117 16:37:10.260" endtime="20230117 16:37:31.174"/>
</kw>
<kw name="Input Text" library="Selenium2Library">
<arg>${elementos_login_email['reg_emailtextbox']}</arg>
<arg>${email}</arg>
<doc>Types the given ``text`` into the text field identified by ``locator``.</doc>
<status status="NOT RUN" starttime="20230117 16:37:31.175" endtime="20230117 16:37:31.175"/>
</kw>
<kw name="Click Button" library="Selenium2Library">
<arg>${elementos_login_email['log_siguiente']}</arg>
<doc>Clicks the button identified by ``locator``.</doc>
<status status="NOT RUN" starttime="20230117 16:37:31.175" endtime="20230117 16:37:31.175"/>
</kw>
<status status="FAIL" starttime="20230117 16:37:10.259" endtime="20230117 16:37:31.176"/>
</kw>
<kw name="-INGRESAR PASSWORD PARA LOGIN-" library="tests_keywords">
<arg>${password}</arg>
<status status="NOT RUN" starttime="20230117 16:37:31.177" endtime="20230117 16:37:31.177"/>
</kw>
<kw name="Sleep" library="BuiltIn">
<arg>10</arg>
<doc>Pauses the test executed for the given time.</doc>
<status status="NOT RUN" starttime="20230117 16:37:31.177" endtime="20230117 16:37:31.177"/>
</kw>
<kw name="-VALIDAR CARGA HOME-" library="tests_keywords">
<status status="NOT RUN" starttime="20230117 16:37:31.177" endtime="20230117 16:37:31.177"/>
</kw>
<status status="FAIL" starttime="20230117 16:37:04.643" endtime="20230117 16:37:31.178"/>
</kw>
<kw name="-LOGOUT HOME CV-" library="tests_keywords">
<status status="NOT RUN" starttime="20230117 16:37:31.178" endtime="20230117 16:37:31.178"/>
</kw>
<kw name="-TERMINAR CONFIGURACIÓN TESTCASE-" library="libraries_keywords" type="TEARDOWN">
<kw name="Capture Page Screenshot" library="Selenium2Library">
<doc>Takes a screenshot of the current page and embeds it into a log file.</doc>
<msg timestamp="20230117 16:37:31.833" level="INFO" html="true">&lt;/td&gt;&lt;/tr&gt;&lt;tr&gt;&lt;td colspan="3"&gt;&lt;a href="../screenshots/selenium-screenshot-39.png"&gt;&lt;img src="../screenshots/selenium-screenshot-39.png" width="800px"&gt;&lt;/a&gt;</msg>
<status status="PASS" starttime="20230117 16:37:31.180" endtime="20230117 16:37:31.833"/>
</kw>
<status status="PASS" starttime="20230117 16:37:31.179" endtime="20230117 16:37:31.833"/>
</kw>
<status status="FAIL" starttime="20230117 16:37:04.640" endtime="20230117 16:37:31.834">Element 'xpath=//input[@id="emailLogin"]' not visible after 5 seconds.</status>
</test>
<kw name="-TERMINAR CONFIGURACIÓN SUITETEST-" library="libraries_keywords" type="TEARDOWN">
<kw name="Capture Page Screenshot" library="Selenium2Library">
<doc>Takes a screenshot of the current page and embeds it into a log file.</doc>
<msg timestamp="20230117 16:37:32.482" level="INFO" html="true">&lt;/td&gt;&lt;/tr&gt;&lt;tr&gt;&lt;td colspan="3"&gt;&lt;a href="../screenshots/selenium-screenshot-40.png"&gt;&lt;img src="../screenshots/selenium-screenshot-40.png" width="800px"&gt;&lt;/a&gt;</msg>
<status status="PASS" starttime="20230117 16:37:31.836" endtime="20230117 16:37:32.482"/>
</kw>
<kw name="-CERRAR TODOS LOS NAVEGADORES-" library="libraries_keywords">
<kw name="Close All Browsers" library="Selenium2Library">
<doc>Closes all open browsers and resets the browser cache.</doc>
<status status="PASS" starttime="20230117 16:37:32.483" endtime="20230117 16:37:32.601"/>
</kw>
<status status="PASS" starttime="20230117 16:37:32.482" endtime="20230117 16:37:32.601"/>
</kw>
<status status="PASS" starttime="20230117 16:37:31.835" endtime="20230117 16:37:32.601"/>
</kw>
<doc>Ambiente Global FrameWork generico para ajustar de acuerdo al BRF</doc>
<status status="FAIL" starttime="20230117 16:36:34.409" endtime="20230117 16:37:32.601"/>
</suite>
<statistics>
<total>
<stat pass="0" fail="2" skip="0">All Tests</stat>
</total>
<tag>
</tag>
<suite>
<stat pass="0" fail="2" skip="0" id="s1" name="SuiteTestWEB">SuiteTestWEB</stat>
</suite>
</statistics>
<errors>
<msg timestamp="20230117 16:36:34.687" level="ERROR">Error in file '/home/usr_admin/auto_qc/web_auto/QC_WEB_GENERIC_FRAMEWORK_GLOBAL/QC_WEB_FRAMEWORK_GLOBAL_ADDONS/resources/common_functionalities/tests_keywords.robot' on line 6: Importing library '/home/usr_admin/auto_qc/web_auto/QC_WEB_GENERIC_FRAMEWORK_GLOBAL/QC_WEB_FRAMEWORK_GLOBAL_ADDONS/resources/charles_proxy/charles_library.py' failed: IndentationError: expected an indented block (charles_library.py, line 32)
Traceback (most recent call last):
  None
PYTHONPATH:
  /home/usr_admin/auto_qc/web_auto/QC_WEB_GENERIC_FRAMEWORK_GLOBAL/QC_WEB_FRAMEWORK_GLOBAL_ADDONS/resources/charles_proxy
  /usr/local/bin
  /usr/lib/python36.zip
  /usr/lib/python3.6
  /usr/lib/python3.6/lib-dynload
  /var/lib/jenkins/.local/lib/python3.6/site-packages
  /usr/local/lib/python3.6/dist-packages
  /usr/lib/python3/dist-packages</msg>
<msg timestamp="20230117 16:36:34.727" level="ERROR">Error in file '/home/usr_admin/auto_qc/web_auto/QC_WEB_GENERIC_FRAMEWORK_GLOBAL/QC_WEB_FRAMEWORK_GLOBAL_ADDONS/resources/common_functionalities/libraries_keywords.robot' on line 6: Importing library '/home/usr_admin/auto_qc/web_auto/QC_WEB_GENERIC_FRAMEWORK_GLOBAL/QC_WEB_FRAMEWORK_GLOBAL_ADDONS/resources/charles_proxy/charles_library.py' failed: IndentationError: expected an indented block (charles_library.py, line 32)
Traceback (most recent call last):
  None
PYTHONPATH:
  /home/usr_admin/auto_qc/web_auto/QC_WEB_GENERIC_FRAMEWORK_GLOBAL/QC_WEB_FRAMEWORK_GLOBAL_ADDONS/resources/charles_proxy
  /usr/local/bin
  /usr/lib/python36.zip
  /usr/lib/python3.6
  /usr/lib/python3.6/lib-dynload
  /var/lib/jenkins/.local/lib/python3.6/site-packages
  /usr/local/lib/python3.6/dist-packages
  /usr/lib/python3/dist-packages</msg>
</errors>
</robot>
