<?xml version="1.0" encoding="UTF-8"?>
<robot generator="Robot 5.0.1 (Python 3.6.9 on linux)" generated="20230117 15:02:42.860" rpa="false" schemaversion="3">
<suite id="s1" name="SuiteTestWEB" source="/home/usr_admin/auto_qc/web_auto/QC_WEB_GENERIC_FRAMEWORK_GLOBAL/QC_WEB_FRAMEWORK_GLOBAL_ADDONS/testCases/SuiteTestWEB.robot">
<kw name="-CONFIGURACIÓN INICIAL SUITETEST-" library="libraries_keywords" type="SETUP">
<kw name="Sleep" library="BuiltIn">
<arg>3</arg>
<doc>Pauses the test executed for the given time.</doc>
<msg timestamp="20230117 15:02:50.313" level="INFO">Slept 3 seconds</msg>
<status status="PASS" starttime="20230117 15:02:47.313" endtime="20230117 15:02:50.313"/>
</kw>
<status status="PASS" starttime="20230117 15:02:47.312" endtime="20230117 15:02:50.314"/>
</kw>
<test id="s1-t1" name="Test Case 1 prueba Login co" line="12">
<kw name="-CONFIGURACIÓN TESTCASE-" library="libraries_keywords" type="SETUP">
<kw name="-CONFIGURAR DIRECTORIO SCREENSHOTS-" library="libraries_keywords">
<kw name="Set Screenshot Directory" library="Selenium2Library">
<arg>${screenshots-folder}</arg>
<doc>Sets the directory for captured screenshots.</doc>
<status status="PASS" starttime="20230117 15:02:50.319" endtime="20230117 15:02:50.320"/>
</kw>
<status status="PASS" starttime="20230117 15:02:50.319" endtime="20230117 15:02:50.320"/>
</kw>
<status status="PASS" starttime="20230117 15:02:50.318" endtime="20230117 15:02:50.320"/>
</kw>
<kw name="-LOGIN HOME CV CON PERFIL-" library="tests_keywords">
<arg>${email_valido}</arg>
<arg>${pass_valido}</arg>
<kw name="-ABRIR LOGIN PAGE-" library="tests_keywords">
<kw name="Open Browser" library="Selenium2Library">
<arg>${url_login_page}</arg>
<arg>${browser}</arg>
<doc>Opens a new browser instance to the optional ``url``.</doc>
<msg timestamp="20230117 15:02:50.322" level="INFO">Opening browser 'headlesschrome' to base url 'https://www.clarovideo.com/colombia/login'.</msg>
<msg timestamp="20230117 15:02:51.548" level="INFO">Cannot capture screenshot because no browser is open.</msg>
<msg timestamp="20230117 15:02:51.550" level="FAIL">WebDriverException: Message: unknown error: Chrome failed to start: crashed.
  (unknown error: DevToolsActivePort file doesn't exist)
  (The process started from chrome location /usr/bin/google-chrome is no longer running, so ChromeDriver is assuming that Chrome has crashed.)
</msg>
<status status="FAIL" starttime="20230117 15:02:50.322" endtime="20230117 15:02:51.552"/>
</kw>
<kw name="Set Window Size" library="Selenium2Library">
<arg>1200</arg>
<arg>1200</arg>
<doc>Sets current windows size to given ``width`` and ``height``.</doc>
<status status="NOT RUN" starttime="20230117 15:02:51.553" endtime="20230117 15:02:51.553"/>
</kw>
<status status="FAIL" starttime="20230117 15:02:50.321" endtime="20230117 15:02:51.554"/>
</kw>
<kw name="-INGRESAR EMAIL PARA LOGIN-" library="tests_keywords">
<arg>${email}</arg>
<status status="NOT RUN" starttime="20230117 15:02:51.555" endtime="20230117 15:02:51.555"/>
</kw>
<kw name="-INGRESAR PASSWORD PARA LOGIN-" library="tests_keywords">
<arg>${password}</arg>
<status status="NOT RUN" starttime="20230117 15:02:51.555" endtime="20230117 15:02:51.555"/>
</kw>
<kw name="Sleep" library="BuiltIn">
<arg>10</arg>
<doc>Pauses the test executed for the given time.</doc>
<status status="NOT RUN" starttime="20230117 15:02:51.555" endtime="20230117 15:02:51.555"/>
</kw>
<kw name="-CLICK IMAGEN DE PERFIL-" library="tests_keywords">
<status status="NOT RUN" starttime="20230117 15:02:51.556" endtime="20230117 15:02:51.556"/>
</kw>
<kw name="Sleep" library="BuiltIn">
<arg>10</arg>
<doc>Pauses the test executed for the given time.</doc>
<status status="NOT RUN" starttime="20230117 15:02:51.556" endtime="20230117 15:02:51.556"/>
</kw>
<kw name="-VALIDAR CARGA HOME-" library="tests_keywords">
<status status="NOT RUN" starttime="20230117 15:02:51.556" endtime="20230117 15:02:51.556"/>
</kw>
<status status="FAIL" starttime="20230117 15:02:50.321" endtime="20230117 15:02:51.557"/>
</kw>
<kw name="-TERMINAR CONFIGURACIÓN TESTCASE-" library="libraries_keywords" type="TEARDOWN">
<kw name="Capture Page Screenshot" library="Selenium2Library">
<doc>Takes a screenshot of the current page and embeds it into a log file.</doc>
<msg timestamp="20230117 15:02:51.559" level="INFO">Cannot capture screenshot because no browser is open.</msg>
<status status="PASS" starttime="20230117 15:02:51.559" endtime="20230117 15:02:51.559"/>
</kw>
<status status="PASS" starttime="20230117 15:02:51.558" endtime="20230117 15:02:51.559"/>
</kw>
<status status="FAIL" starttime="20230117 15:02:50.315" endtime="20230117 15:02:51.560">WebDriverException: Message: unknown error: Chrome failed to start: crashed.
  (unknown error: DevToolsActivePort file doesn't exist)
  (The process started from chrome location /usr/bin/google-chrome is no longer running, so ChromeDriver is assuming that Chrome has crashed.)
</status>
</test>
<test id="s1-t2" name="CV-WEB-ACCESO-VALIDAR LOGOUT" line="20">
<kw name="-CONFIGURACIÓN TESTCASE-" library="libraries_keywords" type="SETUP">
<kw name="-CONFIGURAR DIRECTORIO SCREENSHOTS-" library="libraries_keywords">
<kw name="Set Screenshot Directory" library="Selenium2Library">
<arg>${screenshots-folder}</arg>
<doc>Sets the directory for captured screenshots.</doc>
<status status="PASS" starttime="20230117 15:02:51.563" endtime="20230117 15:02:51.563"/>
</kw>
<status status="PASS" starttime="20230117 15:02:51.562" endtime="20230117 15:02:51.564"/>
</kw>
<status status="PASS" starttime="20230117 15:02:51.562" endtime="20230117 15:02:51.564"/>
</kw>
<kw name="-LOGIN HOME CV-" library="tests_keywords">
<arg>${email_valido}</arg>
<arg>${pass_valido}</arg>
<kw name="-ABRIR LOGIN PAGE-" library="tests_keywords">
<kw name="Open Browser" library="Selenium2Library">
<arg>${url_login_page}</arg>
<arg>${browser}</arg>
<doc>Opens a new browser instance to the optional ``url``.</doc>
<msg timestamp="20230117 15:02:51.566" level="INFO">Opening browser 'headlesschrome' to base url 'https://www.clarovideo.com/colombia/login'.</msg>
<msg timestamp="20230117 15:02:52.838" level="INFO">Cannot capture screenshot because no browser is open.</msg>
<msg timestamp="20230117 15:02:52.840" level="FAIL">WebDriverException: Message: unknown error: Chrome failed to start: crashed.
  (unknown error: DevToolsActivePort file doesn't exist)
  (The process started from chrome location /usr/bin/google-chrome is no longer running, so ChromeDriver is assuming that Chrome has crashed.)
</msg>
<status status="FAIL" starttime="20230117 15:02:51.565" endtime="20230117 15:02:52.840"/>
</kw>
<kw name="Set Window Size" library="Selenium2Library">
<arg>1200</arg>
<arg>1200</arg>
<doc>Sets current windows size to given ``width`` and ``height``.</doc>
<status status="NOT RUN" starttime="20230117 15:02:52.841" endtime="20230117 15:02:52.841"/>
</kw>
<status status="FAIL" starttime="20230117 15:02:51.565" endtime="20230117 15:02:52.842"/>
</kw>
<kw name="-INGRESAR EMAIL PARA LOGIN-" library="tests_keywords">
<arg>${email}</arg>
<status status="NOT RUN" starttime="20230117 15:02:52.843" endtime="20230117 15:02:52.843"/>
</kw>
<kw name="-INGRESAR PASSWORD PARA LOGIN-" library="tests_keywords">
<arg>${password}</arg>
<status status="NOT RUN" starttime="20230117 15:02:52.843" endtime="20230117 15:02:52.843"/>
</kw>
<kw name="Sleep" library="BuiltIn">
<arg>10</arg>
<doc>Pauses the test executed for the given time.</doc>
<status status="NOT RUN" starttime="20230117 15:02:52.843" endtime="20230117 15:02:52.844"/>
</kw>
<kw name="-VALIDAR CARGA HOME-" library="tests_keywords">
<status status="NOT RUN" starttime="20230117 15:02:52.844" endtime="20230117 15:02:52.844"/>
</kw>
<status status="FAIL" starttime="20230117 15:02:51.564" endtime="20230117 15:02:52.845"/>
</kw>
<kw name="-LOGOUT HOME CV-" library="tests_keywords">
<status status="NOT RUN" starttime="20230117 15:02:52.845" endtime="20230117 15:02:52.845"/>
</kw>
<kw name="-TERMINAR CONFIGURACIÓN TESTCASE-" library="libraries_keywords" type="TEARDOWN">
<kw name="Capture Page Screenshot" library="Selenium2Library">
<doc>Takes a screenshot of the current page and embeds it into a log file.</doc>
<msg timestamp="20230117 15:02:52.847" level="INFO">Cannot capture screenshot because no browser is open.</msg>
<status status="PASS" starttime="20230117 15:02:52.847" endtime="20230117 15:02:52.847"/>
</kw>
<status status="PASS" starttime="20230117 15:02:52.846" endtime="20230117 15:02:52.847"/>
</kw>
<status status="FAIL" starttime="20230117 15:02:51.561" endtime="20230117 15:02:52.848">WebDriverException: Message: unknown error: Chrome failed to start: crashed.
  (unknown error: DevToolsActivePort file doesn't exist)
  (The process started from chrome location /usr/bin/google-chrome is no longer running, so ChromeDriver is assuming that Chrome has crashed.)
</status>
</test>
<kw name="-TERMINAR CONFIGURACIÓN SUITETEST-" library="libraries_keywords" type="TEARDOWN">
<kw name="Capture Page Screenshot" library="Selenium2Library">
<doc>Takes a screenshot of the current page and embeds it into a log file.</doc>
<msg timestamp="20230117 15:02:52.850" level="INFO">Cannot capture screenshot because no browser is open.</msg>
<status status="PASS" starttime="20230117 15:02:52.850" endtime="20230117 15:02:52.850"/>
</kw>
<kw name="-CERRAR TODOS LOS NAVEGADORES-" library="libraries_keywords">
<kw name="Close All Browsers" library="Selenium2Library">
<doc>Closes all open browsers and resets the browser cache.</doc>
<status status="PASS" starttime="20230117 15:02:52.851" endtime="20230117 15:02:52.851"/>
</kw>
<status status="PASS" starttime="20230117 15:02:52.850" endtime="20230117 15:02:52.851"/>
</kw>
<status status="PASS" starttime="20230117 15:02:52.849" endtime="20230117 15:02:52.852"/>
</kw>
<doc>Ambiente Global FrameWork generico para ajustar de acuerdo al BRF</doc>
<status status="FAIL" starttime="20230117 15:02:42.862" endtime="20230117 15:02:52.852"/>
</suite>
<statistics>
<total>
<stat pass="0" fail="2" skip="0">All Tests</stat>
</total>
<tag>
</tag>
<suite>
<stat pass="0" fail="2" skip="0" id="s1" name="SuiteTestWEB">SuiteTestWEB</stat>
</suite>
</statistics>
<errors>
</errors>
</robot>
