<?xml version="1.0" encoding="UTF-8"?>
<robot generator="Robot 5.0.1 (Python 3.6.9 on linux)" generated="20230117 14:55:59.653" rpa="false" schemaversion="3">
<suite id="s1" name="SuiteTestWEB" source="/home/usr_admin/auto_qc/web_auto/QC_WEB_GENERIC_FRAMEWORK_GLOBAL/QC_WEB_FRAMEWORK_GLOBAL_ADDONS/testCases/SuiteTestWEB.robot">
<kw name="-CONFIGURACIÓN INICIAL SUITETEST-" library="libraries_keywords" type="SETUP">
<kw name="Sleep" library="BuiltIn">
<arg>3</arg>
<doc>Pauses the test executed for the given time.</doc>
<msg timestamp="20230117 14:56:07.108" level="INFO">Slept 3 seconds</msg>
<status status="PASS" starttime="20230117 14:56:04.107" endtime="20230117 14:56:07.108"/>
</kw>
<status status="PASS" starttime="20230117 14:56:04.106" endtime="20230117 14:56:07.108"/>
</kw>
<test id="s1-t1" name="Test Case 1 prueba Login mx" line="12">
<kw name="-CONFIGURACIÓN TESTCASE-" library="libraries_keywords" type="SETUP">
<kw name="-CONFIGURAR DIRECTORIO SCREENSHOTS-" library="libraries_keywords">
<kw name="Set Screenshot Directory" library="Selenium2Library">
<arg>${screenshots-folder}</arg>
<doc>Sets the directory for captured screenshots.</doc>
<status status="PASS" starttime="20230117 14:56:07.114" endtime="20230117 14:56:07.114"/>
</kw>
<status status="PASS" starttime="20230117 14:56:07.113" endtime="20230117 14:56:07.114"/>
</kw>
<status status="PASS" starttime="20230117 14:56:07.112" endtime="20230117 14:56:07.115"/>
</kw>
<kw name="-LOGIN HOME CV CON PERFIL-" library="tests_keywords">
<arg>${email_valido}</arg>
<arg>${pass_valido}</arg>
<kw name="-ABRIR LOGIN PAGE-" library="tests_keywords">
<kw name="Open Browser" library="Selenium2Library">
<arg>${url_login_page}</arg>
<arg>${browser}</arg>
<doc>Opens a new browser instance to the optional ``url``.</doc>
<msg timestamp="20230117 14:56:07.117" level="INFO">Opening browser 'headlesschrome' to base url 'https://www.clarovideo.com/mexico/login'.</msg>
<msg timestamp="20230117 14:56:08.396" level="INFO">Cannot capture screenshot because no browser is open.</msg>
<msg timestamp="20230117 14:56:08.397" level="FAIL">WebDriverException: Message: unknown error: Chrome failed to start: crashed.
  (unknown error: DevToolsActivePort file doesn't exist)
  (The process started from chrome location /usr/bin/google-chrome is no longer running, so ChromeDriver is assuming that Chrome has crashed.)
</msg>
<status status="FAIL" starttime="20230117 14:56:07.116" endtime="20230117 14:56:08.400"/>
</kw>
<kw name="Set Window Size" library="Selenium2Library">
<arg>1200</arg>
<arg>1200</arg>
<doc>Sets current windows size to given ``width`` and ``height``.</doc>
<status status="NOT RUN" starttime="20230117 14:56:08.400" endtime="20230117 14:56:08.401"/>
</kw>
<status status="FAIL" starttime="20230117 14:56:07.116" endtime="20230117 14:56:08.402"/>
</kw>
<kw name="-INGRESAR EMAIL PARA LOGIN-" library="tests_keywords">
<arg>${email}</arg>
<status status="NOT RUN" starttime="20230117 14:56:08.402" endtime="20230117 14:56:08.402"/>
</kw>
<kw name="-INGRESAR PASSWORD PARA LOGIN-" library="tests_keywords">
<arg>${password}</arg>
<status status="NOT RUN" starttime="20230117 14:56:08.403" endtime="20230117 14:56:08.403"/>
</kw>
<kw name="Sleep" library="BuiltIn">
<arg>10</arg>
<doc>Pauses the test executed for the given time.</doc>
<status status="NOT RUN" starttime="20230117 14:56:08.403" endtime="20230117 14:56:08.403"/>
</kw>
<kw name="-CLICK IMAGEN DE PERFIL-" library="tests_keywords">
<status status="NOT RUN" starttime="20230117 14:56:08.403" endtime="20230117 14:56:08.403"/>
</kw>
<kw name="Sleep" library="BuiltIn">
<arg>10</arg>
<doc>Pauses the test executed for the given time.</doc>
<status status="NOT RUN" starttime="20230117 14:56:08.403" endtime="20230117 14:56:08.403"/>
</kw>
<kw name="-VALIDAR CARGA HOME-" library="tests_keywords">
<status status="NOT RUN" starttime="20230117 14:56:08.404" endtime="20230117 14:56:08.404"/>
</kw>
<status status="FAIL" starttime="20230117 14:56:07.115" endtime="20230117 14:56:08.404"/>
</kw>
<kw name="-TERMINAR CONFIGURACIÓN TESTCASE-" library="libraries_keywords" type="TEARDOWN">
<kw name="Capture Page Screenshot" library="Selenium2Library">
<doc>Takes a screenshot of the current page and embeds it into a log file.</doc>
<msg timestamp="20230117 14:56:08.407" level="INFO">Cannot capture screenshot because no browser is open.</msg>
<status status="PASS" starttime="20230117 14:56:08.406" endtime="20230117 14:56:08.407"/>
</kw>
<status status="PASS" starttime="20230117 14:56:08.406" endtime="20230117 14:56:08.407"/>
</kw>
<status status="FAIL" starttime="20230117 14:56:07.109" endtime="20230117 14:56:08.407">WebDriverException: Message: unknown error: Chrome failed to start: crashed.
  (unknown error: DevToolsActivePort file doesn't exist)
  (The process started from chrome location /usr/bin/google-chrome is no longer running, so ChromeDriver is assuming that Chrome has crashed.)
</status>
</test>
<test id="s1-t2" name="CV-WEB-ACCESO-VALIDAR LOGOUT" line="20">
<kw name="-CONFIGURACIÓN TESTCASE-" library="libraries_keywords" type="SETUP">
<kw name="-CONFIGURAR DIRECTORIO SCREENSHOTS-" library="libraries_keywords">
<kw name="Set Screenshot Directory" library="Selenium2Library">
<arg>${screenshots-folder}</arg>
<doc>Sets the directory for captured screenshots.</doc>
<status status="PASS" starttime="20230117 14:56:08.410" endtime="20230117 14:56:08.411"/>
</kw>
<status status="PASS" starttime="20230117 14:56:08.410" endtime="20230117 14:56:08.411"/>
</kw>
<status status="PASS" starttime="20230117 14:56:08.409" endtime="20230117 14:56:08.411"/>
</kw>
<kw name="-LOGIN HOME CV-" library="tests_keywords">
<arg>${email_valido}</arg>
<arg>${pass_valido}</arg>
<kw name="-ABRIR LOGIN PAGE-" library="tests_keywords">
<kw name="Open Browser" library="Selenium2Library">
<arg>${url_login_page}</arg>
<arg>${browser}</arg>
<doc>Opens a new browser instance to the optional ``url``.</doc>
<msg timestamp="20230117 14:56:08.414" level="INFO">Opening browser 'headlesschrome' to base url 'https://www.clarovideo.com/mexico/login'.</msg>
<msg timestamp="20230117 14:56:09.686" level="INFO">Cannot capture screenshot because no browser is open.</msg>
<msg timestamp="20230117 14:56:09.687" level="FAIL">WebDriverException: Message: unknown error: Chrome failed to start: crashed.
  (unknown error: DevToolsActivePort file doesn't exist)
  (The process started from chrome location /usr/bin/google-chrome is no longer running, so ChromeDriver is assuming that Chrome has crashed.)
</msg>
<status status="FAIL" starttime="20230117 14:56:08.413" endtime="20230117 14:56:09.688"/>
</kw>
<kw name="Set Window Size" library="Selenium2Library">
<arg>1200</arg>
<arg>1200</arg>
<doc>Sets current windows size to given ``width`` and ``height``.</doc>
<status status="NOT RUN" starttime="20230117 14:56:09.689" endtime="20230117 14:56:09.689"/>
</kw>
<status status="FAIL" starttime="20230117 14:56:08.412" endtime="20230117 14:56:09.690"/>
</kw>
<kw name="-INGRESAR EMAIL PARA LOGIN-" library="tests_keywords">
<arg>${email}</arg>
<status status="NOT RUN" starttime="20230117 14:56:09.691" endtime="20230117 14:56:09.691"/>
</kw>
<kw name="-INGRESAR PASSWORD PARA LOGIN-" library="tests_keywords">
<arg>${password}</arg>
<status status="NOT RUN" starttime="20230117 14:56:09.691" endtime="20230117 14:56:09.691"/>
</kw>
<kw name="Sleep" library="BuiltIn">
<arg>10</arg>
<doc>Pauses the test executed for the given time.</doc>
<status status="NOT RUN" starttime="20230117 14:56:09.691" endtime="20230117 14:56:09.691"/>
</kw>
<kw name="-VALIDAR CARGA HOME-" library="tests_keywords">
<status status="NOT RUN" starttime="20230117 14:56:09.691" endtime="20230117 14:56:09.692"/>
</kw>
<status status="FAIL" starttime="20230117 14:56:08.412" endtime="20230117 14:56:09.692"/>
</kw>
<kw name="-LOGOUT HOME CV-" library="tests_keywords">
<status status="NOT RUN" starttime="20230117 14:56:09.693" endtime="20230117 14:56:09.693"/>
</kw>
<kw name="-TERMINAR CONFIGURACIÓN TESTCASE-" library="libraries_keywords" type="TEARDOWN">
<kw name="Capture Page Screenshot" library="Selenium2Library">
<doc>Takes a screenshot of the current page and embeds it into a log file.</doc>
<msg timestamp="20230117 14:56:09.695" level="INFO">Cannot capture screenshot because no browser is open.</msg>
<status status="PASS" starttime="20230117 14:56:09.694" endtime="20230117 14:56:09.695"/>
</kw>
<status status="PASS" starttime="20230117 14:56:09.693" endtime="20230117 14:56:09.695"/>
</kw>
<status status="FAIL" starttime="20230117 14:56:08.408" endtime="20230117 14:56:09.695">WebDriverException: Message: unknown error: Chrome failed to start: crashed.
  (unknown error: DevToolsActivePort file doesn't exist)
  (The process started from chrome location /usr/bin/google-chrome is no longer running, so ChromeDriver is assuming that Chrome has crashed.)
</status>
</test>
<kw name="-TERMINAR CONFIGURACIÓN SUITETEST-" library="libraries_keywords" type="TEARDOWN">
<kw name="Capture Page Screenshot" library="Selenium2Library">
<doc>Takes a screenshot of the current page and embeds it into a log file.</doc>
<msg timestamp="20230117 14:56:09.698" level="INFO">Cannot capture screenshot because no browser is open.</msg>
<status status="PASS" starttime="20230117 14:56:09.697" endtime="20230117 14:56:09.698"/>
</kw>
<kw name="-CERRAR TODOS LOS NAVEGADORES-" library="libraries_keywords">
<kw name="Close All Browsers" library="Selenium2Library">
<doc>Closes all open browsers and resets the browser cache.</doc>
<status status="PASS" starttime="20230117 14:56:09.698" endtime="20230117 14:56:09.699"/>
</kw>
<status status="PASS" starttime="20230117 14:56:09.698" endtime="20230117 14:56:09.699"/>
</kw>
<status status="PASS" starttime="20230117 14:56:09.697" endtime="20230117 14:56:09.699"/>
</kw>
<doc>Ambiente Global FrameWork generico para ajustar de acuerdo al BRF</doc>
<status status="FAIL" starttime="20230117 14:55:59.655" endtime="20230117 14:56:09.699"/>
</suite>
<statistics>
<total>
<stat pass="0" fail="2" skip="0">All Tests</stat>
</total>
<tag>
</tag>
<suite>
<stat pass="0" fail="2" skip="0" id="s1" name="SuiteTestWEB">SuiteTestWEB</stat>
</suite>
</statistics>
<errors>
</errors>
</robot>
