<?xml version="1.0" encoding="UTF-8"?>
<robot generator="Robot 5.0 (Python 3.6.9 on linux)" generated="20230117 16:27:48.012" rpa="false" schemaversion="3">
<suite id="s1" name="SuiteTestWEB" source="/home/usr_admin/auto_qc/web_auto/QC_WEB_GENERIC_FRAMEWORK_GLOBAL/QC_WEB_FRAMEWORK_GLOBAL_ADDONS/testCases/SuiteTestWEB.robot">
<kw name="-CONFIGURACIÓN INICIAL SUITETEST-" library="libraries_keywords" type="SETUP">
<kw name="Sleep" library="BuiltIn">
<arg>3</arg>
<doc>Pauses the test executed for the given time.</doc>
<msg timestamp="20230117 16:27:51.436" level="INFO">Slept 3 seconds</msg>
<status status="PASS" starttime="20230117 16:27:48.436" endtime="20230117 16:27:51.437"/>
</kw>
<status status="PASS" starttime="20230117 16:27:48.435" endtime="20230117 16:27:51.437"/>
</kw>
<test id="s1-t1" name="Test Case 1 prueba Login hn" line="12">
<kw name="-CONFIGURACIÓN TESTCASE-" library="libraries_keywords" type="SETUP">
<kw name="-CONFIGURAR DIRECTORIO SCREENSHOTS-" library="libraries_keywords">
<kw name="Set Screenshot Directory" library="Selenium2Library">
<arg>${screenshots-folder}</arg>
<doc>Sets the directory for captured screenshots.</doc>
<status status="PASS" starttime="20230117 16:27:51.442" endtime="20230117 16:27:51.443"/>
</kw>
<status status="PASS" starttime="20230117 16:27:51.441" endtime="20230117 16:27:51.443"/>
</kw>
<status status="PASS" starttime="20230117 16:27:51.441" endtime="20230117 16:27:51.443"/>
</kw>
<kw name="-LOGIN HOME CV CON PERFIL-" library="tests_keywords">
<arg>${email_valido}</arg>
<arg>${pass_valido}</arg>
<kw name="-ABRIR LOGIN PAGE-" library="tests_keywords">
<kw name="Open Browser" library="Selenium2Library">
<arg>${url_login_page}</arg>
<arg>${browser}</arg>
<doc>Opens a new browser instance to the optional ``url``.</doc>
<msg timestamp="20230117 16:27:51.445" level="INFO">Opening browser 'headlesschrome' to base url 'https://www.clarovideo.com//login'.</msg>
<status status="PASS" starttime="20230117 16:27:51.444" endtime="20230117 16:27:55.382"/>
</kw>
<kw name="Set Window Size" library="Selenium2Library">
<arg>1200</arg>
<arg>1200</arg>
<doc>Sets current windows size to given ``width`` and ``height``.</doc>
<status status="PASS" starttime="20230117 16:27:55.383" endtime="20230117 16:27:55.488"/>
</kw>
<status status="PASS" starttime="20230117 16:27:51.444" endtime="20230117 16:27:55.489"/>
</kw>
<kw name="-INGRESAR EMAIL PARA LOGIN-" library="tests_keywords">
<arg>${email}</arg>
<kw name="Wait Until Element Is Visible" library="Selenium2Library">
<arg>${elementos_login_email['reg_emailtextbox']}</arg>
<doc>Waits until the element ``locator`` is visible.</doc>
<msg timestamp="20230117 16:28:16.410" level="INFO" html="true">&lt;/td&gt;&lt;/tr&gt;&lt;tr&gt;&lt;td colspan="3"&gt;&lt;a href="../screenshots/selenium-screenshot-26.png"&gt;&lt;img src="../screenshots/selenium-screenshot-26.png" width="800px"&gt;&lt;/a&gt;</msg>
<msg timestamp="20230117 16:28:16.411" level="FAIL">Element 'xpath=//input[@id="emailLogin"]' not visible after 5 seconds.</msg>
<status status="FAIL" starttime="20230117 16:27:55.490" endtime="20230117 16:28:16.412"/>
</kw>
<kw name="Input Text" library="Selenium2Library">
<arg>${elementos_login_email['reg_emailtextbox']}</arg>
<arg>${email}</arg>
<doc>Types the given ``text`` into the text field identified by ``locator``.</doc>
<status status="NOT RUN" starttime="20230117 16:28:16.413" endtime="20230117 16:28:16.413"/>
</kw>
<kw name="Click Button" library="Selenium2Library">
<arg>${elementos_login_email['log_siguiente']}</arg>
<doc>Clicks the button identified by ``locator``.</doc>
<status status="NOT RUN" starttime="20230117 16:28:16.414" endtime="20230117 16:28:16.414"/>
</kw>
<status status="FAIL" starttime="20230117 16:27:55.489" endtime="20230117 16:28:16.415"/>
</kw>
<kw name="-INGRESAR PASSWORD PARA LOGIN-" library="tests_keywords">
<arg>${password}</arg>
<status status="NOT RUN" starttime="20230117 16:28:16.415" endtime="20230117 16:28:16.415"/>
</kw>
<kw name="Sleep" library="BuiltIn">
<arg>10</arg>
<doc>Pauses the test executed for the given time.</doc>
<status status="NOT RUN" starttime="20230117 16:28:16.415" endtime="20230117 16:28:16.416"/>
</kw>
<kw name="-CLICK IMAGEN DE PERFIL-" library="tests_keywords">
<status status="NOT RUN" starttime="20230117 16:28:16.416" endtime="20230117 16:28:16.416"/>
</kw>
<kw name="Sleep" library="BuiltIn">
<arg>10</arg>
<doc>Pauses the test executed for the given time.</doc>
<status status="NOT RUN" starttime="20230117 16:28:16.416" endtime="20230117 16:28:16.416"/>
</kw>
<kw name="-VALIDAR CARGA HOME-" library="tests_keywords">
<status status="NOT RUN" starttime="20230117 16:28:16.416" endtime="20230117 16:28:16.416"/>
</kw>
<status status="FAIL" starttime="20230117 16:27:51.443" endtime="20230117 16:28:16.417"/>
</kw>
<kw name="-TERMINAR CONFIGURACIÓN TESTCASE-" library="libraries_keywords" type="TEARDOWN">
<kw name="Capture Page Screenshot" library="Selenium2Library">
<doc>Takes a screenshot of the current page and embeds it into a log file.</doc>
<msg timestamp="20230117 16:28:17.172" level="INFO" html="true">&lt;/td&gt;&lt;/tr&gt;&lt;tr&gt;&lt;td colspan="3"&gt;&lt;a href="../screenshots/selenium-screenshot-27.png"&gt;&lt;img src="../screenshots/selenium-screenshot-27.png" width="800px"&gt;&lt;/a&gt;</msg>
<status status="PASS" starttime="20230117 16:28:16.419" endtime="20230117 16:28:17.172"/>
</kw>
<status status="PASS" starttime="20230117 16:28:16.418" endtime="20230117 16:28:17.173"/>
</kw>
<status status="FAIL" starttime="20230117 16:27:51.438" endtime="20230117 16:28:17.173">Element 'xpath=//input[@id="emailLogin"]' not visible after 5 seconds.</status>
</test>
<test id="s1-t2" name="CV-WEB-ACCESO-VALIDAR LOGOUT" line="20">
<kw name="-CONFIGURACIÓN TESTCASE-" library="libraries_keywords" type="SETUP">
<kw name="-CONFIGURAR DIRECTORIO SCREENSHOTS-" library="libraries_keywords">
<kw name="Set Screenshot Directory" library="Selenium2Library">
<arg>${screenshots-folder}</arg>
<doc>Sets the directory for captured screenshots.</doc>
<status status="PASS" starttime="20230117 16:28:17.176" endtime="20230117 16:28:17.177"/>
</kw>
<status status="PASS" starttime="20230117 16:28:17.175" endtime="20230117 16:28:17.177"/>
</kw>
<status status="PASS" starttime="20230117 16:28:17.175" endtime="20230117 16:28:17.177"/>
</kw>
<kw name="-LOGIN HOME CV-" library="tests_keywords">
<arg>${email_valido}</arg>
<arg>${pass_valido}</arg>
<kw name="-ABRIR LOGIN PAGE-" library="tests_keywords">
<kw name="Open Browser" library="Selenium2Library">
<arg>${url_login_page}</arg>
<arg>${browser}</arg>
<doc>Opens a new browser instance to the optional ``url``.</doc>
<msg timestamp="20230117 16:28:17.179" level="INFO">Opening browser 'headlesschrome' to base url 'https://www.clarovideo.com//login'.</msg>
<status status="PASS" starttime="20230117 16:28:17.179" endtime="20230117 16:28:21.473"/>
</kw>
<kw name="Set Window Size" library="Selenium2Library">
<arg>1200</arg>
<arg>1200</arg>
<doc>Sets current windows size to given ``width`` and ``height``.</doc>
<status status="PASS" starttime="20230117 16:28:21.474" endtime="20230117 16:28:21.603"/>
</kw>
<status status="PASS" starttime="20230117 16:28:17.178" endtime="20230117 16:28:21.603"/>
</kw>
<kw name="-INGRESAR EMAIL PARA LOGIN-" library="tests_keywords">
<arg>${email}</arg>
<kw name="Wait Until Element Is Visible" library="Selenium2Library">
<arg>${elementos_login_email['reg_emailtextbox']}</arg>
<doc>Waits until the element ``locator`` is visible.</doc>
<msg timestamp="20230117 16:28:42.488" level="INFO" html="true">&lt;/td&gt;&lt;/tr&gt;&lt;tr&gt;&lt;td colspan="3"&gt;&lt;a href="../screenshots/selenium-screenshot-28.png"&gt;&lt;img src="../screenshots/selenium-screenshot-28.png" width="800px"&gt;&lt;/a&gt;</msg>
<msg timestamp="20230117 16:28:42.488" level="FAIL">Element 'xpath=//input[@id="emailLogin"]' not visible after 5 seconds.</msg>
<status status="FAIL" starttime="20230117 16:28:21.604" endtime="20230117 16:28:42.489"/>
</kw>
<kw name="Input Text" library="Selenium2Library">
<arg>${elementos_login_email['reg_emailtextbox']}</arg>
<arg>${email}</arg>
<doc>Types the given ``text`` into the text field identified by ``locator``.</doc>
<status status="NOT RUN" starttime="20230117 16:28:42.489" endtime="20230117 16:28:42.490"/>
</kw>
<kw name="Click Button" library="Selenium2Library">
<arg>${elementos_login_email['log_siguiente']}</arg>
<doc>Clicks the button identified by ``locator``.</doc>
<status status="NOT RUN" starttime="20230117 16:28:42.490" endtime="20230117 16:28:42.490"/>
</kw>
<status status="FAIL" starttime="20230117 16:28:21.603" endtime="20230117 16:28:42.491"/>
</kw>
<kw name="-INGRESAR PASSWORD PARA LOGIN-" library="tests_keywords">
<arg>${password}</arg>
<status status="NOT RUN" starttime="20230117 16:28:42.491" endtime="20230117 16:28:42.491"/>
</kw>
<kw name="Sleep" library="BuiltIn">
<arg>10</arg>
<doc>Pauses the test executed for the given time.</doc>
<status status="NOT RUN" starttime="20230117 16:28:42.492" endtime="20230117 16:28:42.492"/>
</kw>
<kw name="-VALIDAR CARGA HOME-" library="tests_keywords">
<status status="NOT RUN" starttime="20230117 16:28:42.492" endtime="20230117 16:28:42.492"/>
</kw>
<status status="FAIL" starttime="20230117 16:28:17.177" endtime="20230117 16:28:42.493"/>
</kw>
<kw name="-LOGOUT HOME CV-" library="tests_keywords">
<status status="NOT RUN" starttime="20230117 16:28:42.493" endtime="20230117 16:28:42.493"/>
</kw>
<kw name="-TERMINAR CONFIGURACIÓN TESTCASE-" library="libraries_keywords" type="TEARDOWN">
<kw name="Capture Page Screenshot" library="Selenium2Library">
<doc>Takes a screenshot of the current page and embeds it into a log file.</doc>
<msg timestamp="20230117 16:28:43.244" level="INFO" html="true">&lt;/td&gt;&lt;/tr&gt;&lt;tr&gt;&lt;td colspan="3"&gt;&lt;a href="../screenshots/selenium-screenshot-29.png"&gt;&lt;img src="../screenshots/selenium-screenshot-29.png" width="800px"&gt;&lt;/a&gt;</msg>
<status status="PASS" starttime="20230117 16:28:42.494" endtime="20230117 16:28:43.245"/>
</kw>
<status status="PASS" starttime="20230117 16:28:42.494" endtime="20230117 16:28:43.245"/>
</kw>
<status status="FAIL" starttime="20230117 16:28:17.174" endtime="20230117 16:28:43.245">Element 'xpath=//input[@id="emailLogin"]' not visible after 5 seconds.</status>
</test>
<kw name="-TERMINAR CONFIGURACIÓN SUITETEST-" library="libraries_keywords" type="TEARDOWN">
<kw name="Capture Page Screenshot" library="Selenium2Library">
<doc>Takes a screenshot of the current page and embeds it into a log file.</doc>
<msg timestamp="20230117 16:28:43.986" level="INFO" html="true">&lt;/td&gt;&lt;/tr&gt;&lt;tr&gt;&lt;td colspan="3"&gt;&lt;a href="../screenshots/selenium-screenshot-30.png"&gt;&lt;img src="../screenshots/selenium-screenshot-30.png" width="800px"&gt;&lt;/a&gt;</msg>
<status status="PASS" starttime="20230117 16:28:43.247" endtime="20230117 16:28:43.986"/>
</kw>
<kw name="-CERRAR TODOS LOS NAVEGADORES-" library="libraries_keywords">
<kw name="Close All Browsers" library="Selenium2Library">
<doc>Closes all open browsers and resets the browser cache.</doc>
<status status="PASS" starttime="20230117 16:28:43.987" endtime="20230117 16:28:44.107"/>
</kw>
<status status="PASS" starttime="20230117 16:28:43.986" endtime="20230117 16:28:44.107"/>
</kw>
<status status="PASS" starttime="20230117 16:28:43.247" endtime="20230117 16:28:44.108"/>
</kw>
<doc>Ambiente Global FrameWork generico para ajustar de acuerdo al BRF</doc>
<status status="FAIL" starttime="20230117 16:27:48.014" endtime="20230117 16:28:44.108"/>
</suite>
<statistics>
<total>
<stat pass="0" fail="2" skip="0">All Tests</stat>
</total>
<tag>
</tag>
<suite>
<stat pass="0" fail="2" skip="0" id="s1" name="SuiteTestWEB">SuiteTestWEB</stat>
</suite>
</statistics>
<errors>
<msg timestamp="20230117 16:27:48.294" level="ERROR">Error in file '/home/usr_admin/auto_qc/web_auto/QC_WEB_GENERIC_FRAMEWORK_GLOBAL/QC_WEB_FRAMEWORK_GLOBAL_ADDONS/resources/common_functionalities/tests_keywords.robot' on line 6: Importing library '/home/usr_admin/auto_qc/web_auto/QC_WEB_GENERIC_FRAMEWORK_GLOBAL/QC_WEB_FRAMEWORK_GLOBAL_ADDONS/resources/charles_proxy/charles_library.py' failed: IndentationError: expected an indented block (charles_library.py, line 32)
Traceback (most recent call last):
  None
PYTHONPATH:
  /home/usr_admin/auto_qc/web_auto/QC_WEB_GENERIC_FRAMEWORK_GLOBAL/QC_WEB_FRAMEWORK_GLOBAL_ADDONS/resources/charles_proxy
  /usr/local/bin
  /usr/lib/python36.zip
  /usr/lib/python3.6
  /usr/lib/python3.6/lib-dynload
  /var/lib/jenkins/.local/lib/python3.6/site-packages
  /usr/local/lib/python3.6/dist-packages
  /usr/lib/python3/dist-packages</msg>
<msg timestamp="20230117 16:27:48.334" level="ERROR">Error in file '/home/usr_admin/auto_qc/web_auto/QC_WEB_GENERIC_FRAMEWORK_GLOBAL/QC_WEB_FRAMEWORK_GLOBAL_ADDONS/resources/common_functionalities/libraries_keywords.robot' on line 6: Importing library '/home/usr_admin/auto_qc/web_auto/QC_WEB_GENERIC_FRAMEWORK_GLOBAL/QC_WEB_FRAMEWORK_GLOBAL_ADDONS/resources/charles_proxy/charles_library.py' failed: IndentationError: expected an indented block (charles_library.py, line 32)
Traceback (most recent call last):
  None
PYTHONPATH:
  /home/usr_admin/auto_qc/web_auto/QC_WEB_GENERIC_FRAMEWORK_GLOBAL/QC_WEB_FRAMEWORK_GLOBAL_ADDONS/resources/charles_proxy
  /usr/local/bin
  /usr/lib/python36.zip
  /usr/lib/python3.6
  /usr/lib/python3.6/lib-dynload
  /var/lib/jenkins/.local/lib/python3.6/site-packages
  /usr/local/lib/python3.6/dist-packages
  /usr/lib/python3/dist-packages</msg>
</errors>
</robot>
