<?xml version="1.0" encoding="UTF-8"?>
<robot generator="Robot 5.0 (Python 3.6.9 on linux)" generated="20230117 16:35:35.489" rpa="false" schemaversion="3">
<suite id="s1" name="SuiteTestWEB" source="/home/usr_admin/auto_qc/web_auto/QC_WEB_GENERIC_FRAMEWORK_GLOBAL/QC_WEB_FRAMEWORK_GLOBAL_ADDONS/testCases/SuiteTestWEB.robot">
<kw name="-CONFIGURACIÓN INICIAL SUITETEST-" library="libraries_keywords" type="SETUP">
<kw name="Sleep" library="BuiltIn">
<arg>3</arg>
<doc>Pauses the test executed for the given time.</doc>
<msg timestamp="20230117 16:35:38.912" level="INFO">Slept 3 seconds</msg>
<status status="PASS" starttime="20230117 16:35:35.911" endtime="20230117 16:35:38.912"/>
</kw>
<status status="PASS" starttime="20230117 16:35:35.911" endtime="20230117 16:35:38.912"/>
</kw>
<test id="s1-t1" name="Test Case 1 prueba Login mx" line="12">
<kw name="-CONFIGURACIÓN TESTCASE-" library="libraries_keywords" type="SETUP">
<kw name="-CONFIGURAR DIRECTORIO SCREENSHOTS-" library="libraries_keywords">
<kw name="Set Screenshot Directory" library="Selenium2Library">
<arg>${screenshots-folder}</arg>
<doc>Sets the directory for captured screenshots.</doc>
<status status="PASS" starttime="20230117 16:35:38.917" endtime="20230117 16:35:38.918"/>
</kw>
<status status="PASS" starttime="20230117 16:35:38.916" endtime="20230117 16:35:38.918"/>
</kw>
<status status="PASS" starttime="20230117 16:35:38.916" endtime="20230117 16:35:38.918"/>
</kw>
<kw name="-LOGIN HOME CV CON PERFIL-" library="tests_keywords">
<arg>${email_valido}</arg>
<arg>${pass_valido}</arg>
<kw name="-ABRIR LOGIN PAGE-" library="tests_keywords">
<kw name="Open Browser" library="Selenium2Library">
<arg>${url_login_page}</arg>
<arg>${browser}</arg>
<doc>Opens a new browser instance to the optional ``url``.</doc>
<msg timestamp="20230117 16:35:38.920" level="INFO">Opening browser 'headlesschrome' to base url 'https://www.clarovideo.com//login'.</msg>
<status status="PASS" starttime="20230117 16:35:38.920" endtime="20230117 16:35:45.659"/>
</kw>
<kw name="Set Window Size" library="Selenium2Library">
<arg>1200</arg>
<arg>1200</arg>
<doc>Sets current windows size to given ``width`` and ``height``.</doc>
<status status="PASS" starttime="20230117 16:35:45.659" endtime="20230117 16:35:45.782"/>
</kw>
<status status="PASS" starttime="20230117 16:35:38.919" endtime="20230117 16:35:45.782"/>
</kw>
<kw name="-INGRESAR EMAIL PARA LOGIN-" library="tests_keywords">
<arg>${email}</arg>
<kw name="Wait Until Element Is Visible" library="Selenium2Library">
<arg>${elementos_login_email['reg_emailtextbox']}</arg>
<doc>Waits until the element ``locator`` is visible.</doc>
<msg timestamp="20230117 16:36:06.685" level="INFO" html="true">&lt;/td&gt;&lt;/tr&gt;&lt;tr&gt;&lt;td colspan="3"&gt;&lt;a href="../screenshots/selenium-screenshot-31.png"&gt;&lt;img src="../screenshots/selenium-screenshot-31.png" width="800px"&gt;&lt;/a&gt;</msg>
<msg timestamp="20230117 16:36:06.687" level="FAIL">Element 'xpath=//input[@id="emailLogin"]' not visible after 5 seconds.</msg>
<status status="FAIL" starttime="20230117 16:35:45.783" endtime="20230117 16:36:06.688"/>
</kw>
<kw name="Input Text" library="Selenium2Library">
<arg>${elementos_login_email['reg_emailtextbox']}</arg>
<arg>${email}</arg>
<doc>Types the given ``text`` into the text field identified by ``locator``.</doc>
<status status="NOT RUN" starttime="20230117 16:36:06.689" endtime="20230117 16:36:06.689"/>
</kw>
<kw name="Click Button" library="Selenium2Library">
<arg>${elementos_login_email['log_siguiente']}</arg>
<doc>Clicks the button identified by ``locator``.</doc>
<status status="NOT RUN" starttime="20230117 16:36:06.689" endtime="20230117 16:36:06.689"/>
</kw>
<status status="FAIL" starttime="20230117 16:35:45.782" endtime="20230117 16:36:06.690"/>
</kw>
<kw name="-INGRESAR PASSWORD PARA LOGIN-" library="tests_keywords">
<arg>${password}</arg>
<status status="NOT RUN" starttime="20230117 16:36:06.691" endtime="20230117 16:36:06.691"/>
</kw>
<kw name="Sleep" library="BuiltIn">
<arg>10</arg>
<doc>Pauses the test executed for the given time.</doc>
<status status="NOT RUN" starttime="20230117 16:36:06.691" endtime="20230117 16:36:06.691"/>
</kw>
<kw name="-CLICK IMAGEN DE PERFIL-" library="tests_keywords">
<status status="NOT RUN" starttime="20230117 16:36:06.691" endtime="20230117 16:36:06.692"/>
</kw>
<kw name="Sleep" library="BuiltIn">
<arg>10</arg>
<doc>Pauses the test executed for the given time.</doc>
<status status="NOT RUN" starttime="20230117 16:36:06.692" endtime="20230117 16:36:06.692"/>
</kw>
<kw name="-VALIDAR CARGA HOME-" library="tests_keywords">
<status status="NOT RUN" starttime="20230117 16:36:06.692" endtime="20230117 16:36:06.692"/>
</kw>
<status status="FAIL" starttime="20230117 16:35:38.918" endtime="20230117 16:36:06.693"/>
</kw>
<kw name="-TERMINAR CONFIGURACIÓN TESTCASE-" library="libraries_keywords" type="TEARDOWN">
<kw name="Capture Page Screenshot" library="Selenium2Library">
<doc>Takes a screenshot of the current page and embeds it into a log file.</doc>
<msg timestamp="20230117 16:36:07.369" level="INFO" html="true">&lt;/td&gt;&lt;/tr&gt;&lt;tr&gt;&lt;td colspan="3"&gt;&lt;a href="../screenshots/selenium-screenshot-32.png"&gt;&lt;img src="../screenshots/selenium-screenshot-32.png" width="800px"&gt;&lt;/a&gt;</msg>
<status status="PASS" starttime="20230117 16:36:06.695" endtime="20230117 16:36:07.370"/>
</kw>
<status status="PASS" starttime="20230117 16:36:06.694" endtime="20230117 16:36:07.370"/>
</kw>
<status status="FAIL" starttime="20230117 16:35:38.913" endtime="20230117 16:36:07.370">Element 'xpath=//input[@id="emailLogin"]' not visible after 5 seconds.</status>
</test>
<test id="s1-t2" name="CV-WEB-ACCESO-VALIDAR LOGOUT" line="20">
<kw name="-CONFIGURACIÓN TESTCASE-" library="libraries_keywords" type="SETUP">
<kw name="-CONFIGURAR DIRECTORIO SCREENSHOTS-" library="libraries_keywords">
<kw name="Set Screenshot Directory" library="Selenium2Library">
<arg>${screenshots-folder}</arg>
<doc>Sets the directory for captured screenshots.</doc>
<status status="PASS" starttime="20230117 16:36:07.373" endtime="20230117 16:36:07.374"/>
</kw>
<status status="PASS" starttime="20230117 16:36:07.373" endtime="20230117 16:36:07.374"/>
</kw>
<status status="PASS" starttime="20230117 16:36:07.372" endtime="20230117 16:36:07.374"/>
</kw>
<kw name="-LOGIN HOME CV-" library="tests_keywords">
<arg>${email_valido}</arg>
<arg>${pass_valido}</arg>
<kw name="-ABRIR LOGIN PAGE-" library="tests_keywords">
<kw name="Open Browser" library="Selenium2Library">
<arg>${url_login_page}</arg>
<arg>${browser}</arg>
<doc>Opens a new browser instance to the optional ``url``.</doc>
<msg timestamp="20230117 16:36:07.376" level="INFO">Opening browser 'headlesschrome' to base url 'https://www.clarovideo.com//login'.</msg>
<status status="PASS" starttime="20230117 16:36:07.376" endtime="20230117 16:36:11.550"/>
</kw>
<kw name="Set Window Size" library="Selenium2Library">
<arg>1200</arg>
<arg>1200</arg>
<doc>Sets current windows size to given ``width`` and ``height``.</doc>
<status status="PASS" starttime="20230117 16:36:11.551" endtime="20230117 16:36:11.656"/>
</kw>
<status status="PASS" starttime="20230117 16:36:07.375" endtime="20230117 16:36:11.657"/>
</kw>
<kw name="-INGRESAR EMAIL PARA LOGIN-" library="tests_keywords">
<arg>${email}</arg>
<kw name="Wait Until Element Is Visible" library="Selenium2Library">
<arg>${elementos_login_email['reg_emailtextbox']}</arg>
<doc>Waits until the element ``locator`` is visible.</doc>
<msg timestamp="20230117 16:36:32.549" level="INFO" html="true">&lt;/td&gt;&lt;/tr&gt;&lt;tr&gt;&lt;td colspan="3"&gt;&lt;a href="../screenshots/selenium-screenshot-33.png"&gt;&lt;img src="../screenshots/selenium-screenshot-33.png" width="800px"&gt;&lt;/a&gt;</msg>
<msg timestamp="20230117 16:36:32.550" level="FAIL">Element 'xpath=//input[@id="emailLogin"]' not visible after 5 seconds.</msg>
<status status="FAIL" starttime="20230117 16:36:11.658" endtime="20230117 16:36:32.551"/>
</kw>
<kw name="Input Text" library="Selenium2Library">
<arg>${elementos_login_email['reg_emailtextbox']}</arg>
<arg>${email}</arg>
<doc>Types the given ``text`` into the text field identified by ``locator``.</doc>
<status status="NOT RUN" starttime="20230117 16:36:32.551" endtime="20230117 16:36:32.552"/>
</kw>
<kw name="Click Button" library="Selenium2Library">
<arg>${elementos_login_email['log_siguiente']}</arg>
<doc>Clicks the button identified by ``locator``.</doc>
<status status="NOT RUN" starttime="20230117 16:36:32.552" endtime="20230117 16:36:32.552"/>
</kw>
<status status="FAIL" starttime="20230117 16:36:11.657" endtime="20230117 16:36:32.553"/>
</kw>
<kw name="-INGRESAR PASSWORD PARA LOGIN-" library="tests_keywords">
<arg>${password}</arg>
<status status="NOT RUN" starttime="20230117 16:36:32.554" endtime="20230117 16:36:32.554"/>
</kw>
<kw name="Sleep" library="BuiltIn">
<arg>10</arg>
<doc>Pauses the test executed for the given time.</doc>
<status status="NOT RUN" starttime="20230117 16:36:32.554" endtime="20230117 16:36:32.554"/>
</kw>
<kw name="-VALIDAR CARGA HOME-" library="tests_keywords">
<status status="NOT RUN" starttime="20230117 16:36:32.554" endtime="20230117 16:36:32.554"/>
</kw>
<status status="FAIL" starttime="20230117 16:36:07.374" endtime="20230117 16:36:32.555"/>
</kw>
<kw name="-LOGOUT HOME CV-" library="tests_keywords">
<status status="NOT RUN" starttime="20230117 16:36:32.555" endtime="20230117 16:36:32.556"/>
</kw>
<kw name="-TERMINAR CONFIGURACIÓN TESTCASE-" library="libraries_keywords" type="TEARDOWN">
<kw name="Capture Page Screenshot" library="Selenium2Library">
<doc>Takes a screenshot of the current page and embeds it into a log file.</doc>
<msg timestamp="20230117 16:36:33.226" level="INFO" html="true">&lt;/td&gt;&lt;/tr&gt;&lt;tr&gt;&lt;td colspan="3"&gt;&lt;a href="../screenshots/selenium-screenshot-34.png"&gt;&lt;img src="../screenshots/selenium-screenshot-34.png" width="800px"&gt;&lt;/a&gt;</msg>
<status status="PASS" starttime="20230117 16:36:32.557" endtime="20230117 16:36:33.227"/>
</kw>
<status status="PASS" starttime="20230117 16:36:32.556" endtime="20230117 16:36:33.227"/>
</kw>
<status status="FAIL" starttime="20230117 16:36:07.371" endtime="20230117 16:36:33.227">Element 'xpath=//input[@id="emailLogin"]' not visible after 5 seconds.</status>
</test>
<kw name="-TERMINAR CONFIGURACIÓN SUITETEST-" library="libraries_keywords" type="TEARDOWN">
<kw name="Capture Page Screenshot" library="Selenium2Library">
<doc>Takes a screenshot of the current page and embeds it into a log file.</doc>
<msg timestamp="20230117 16:36:33.968" level="INFO" html="true">&lt;/td&gt;&lt;/tr&gt;&lt;tr&gt;&lt;td colspan="3"&gt;&lt;a href="../screenshots/selenium-screenshot-35.png"&gt;&lt;img src="../screenshots/selenium-screenshot-35.png" width="800px"&gt;&lt;/a&gt;</msg>
<status status="PASS" starttime="20230117 16:36:33.229" endtime="20230117 16:36:33.968"/>
</kw>
<kw name="-CERRAR TODOS LOS NAVEGADORES-" library="libraries_keywords">
<kw name="Close All Browsers" library="Selenium2Library">
<doc>Closes all open browsers and resets the browser cache.</doc>
<status status="PASS" starttime="20230117 16:36:33.969" endtime="20230117 16:36:34.089"/>
</kw>
<status status="PASS" starttime="20230117 16:36:33.968" endtime="20230117 16:36:34.089"/>
</kw>
<status status="PASS" starttime="20230117 16:36:33.229" endtime="20230117 16:36:34.089"/>
</kw>
<doc>Ambiente Global FrameWork generico para ajustar de acuerdo al BRF</doc>
<status status="FAIL" starttime="20230117 16:35:35.492" endtime="20230117 16:36:34.089"/>
</suite>
<statistics>
<total>
<stat pass="0" fail="2" skip="0">All Tests</stat>
</total>
<tag>
</tag>
<suite>
<stat pass="0" fail="2" skip="0" id="s1" name="SuiteTestWEB">SuiteTestWEB</stat>
</suite>
</statistics>
<errors>
<msg timestamp="20230117 16:35:35.771" level="ERROR">Error in file '/home/usr_admin/auto_qc/web_auto/QC_WEB_GENERIC_FRAMEWORK_GLOBAL/QC_WEB_FRAMEWORK_GLOBAL_ADDONS/resources/common_functionalities/tests_keywords.robot' on line 6: Importing library '/home/usr_admin/auto_qc/web_auto/QC_WEB_GENERIC_FRAMEWORK_GLOBAL/QC_WEB_FRAMEWORK_GLOBAL_ADDONS/resources/charles_proxy/charles_library.py' failed: IndentationError: expected an indented block (charles_library.py, line 32)
Traceback (most recent call last):
  None
PYTHONPATH:
  /home/usr_admin/auto_qc/web_auto/QC_WEB_GENERIC_FRAMEWORK_GLOBAL/QC_WEB_FRAMEWORK_GLOBAL_ADDONS/resources/charles_proxy
  /usr/local/bin
  /usr/lib/python36.zip
  /usr/lib/python3.6
  /usr/lib/python3.6/lib-dynload
  /var/lib/jenkins/.local/lib/python3.6/site-packages
  /usr/local/lib/python3.6/dist-packages
  /usr/lib/python3/dist-packages</msg>
<msg timestamp="20230117 16:35:35.809" level="ERROR">Error in file '/home/usr_admin/auto_qc/web_auto/QC_WEB_GENERIC_FRAMEWORK_GLOBAL/QC_WEB_FRAMEWORK_GLOBAL_ADDONS/resources/common_functionalities/libraries_keywords.robot' on line 6: Importing library '/home/usr_admin/auto_qc/web_auto/QC_WEB_GENERIC_FRAMEWORK_GLOBAL/QC_WEB_FRAMEWORK_GLOBAL_ADDONS/resources/charles_proxy/charles_library.py' failed: IndentationError: expected an indented block (charles_library.py, line 32)
Traceback (most recent call last):
  None
PYTHONPATH:
  /home/usr_admin/auto_qc/web_auto/QC_WEB_GENERIC_FRAMEWORK_GLOBAL/QC_WEB_FRAMEWORK_GLOBAL_ADDONS/resources/charles_proxy
  /usr/local/bin
  /usr/lib/python36.zip
  /usr/lib/python3.6
  /usr/lib/python3.6/lib-dynload
  /var/lib/jenkins/.local/lib/python3.6/site-packages
  /usr/local/lib/python3.6/dist-packages
  /usr/lib/python3/dist-packages</msg>
</errors>
</robot>
