<?xml version="1.0" encoding="UTF-8"?>
<robot generator="Robot 5.0 (Python 3.6.9 on linux)" generated="20230117 17:38:16.815" rpa="false" schemaversion="3">
<suite id="s1" name="SuiteTestWEB" source="/home/usr_admin/auto_qc/web_auto/QC_WEB_GENERIC_FRAMEWORK_GLOBAL/QC_WEB_FRAMEWORK_GLOBAL_ADDONS/testCases/SuiteTestWEB.robot">
<kw name="-CONFIGURACIÓN INICIAL SUITETEST-" library="libraries_keywords" type="SETUP">
<kw name="Sleep" library="BuiltIn">
<arg>3</arg>
<doc>Pauses the test executed for the given time.</doc>
<msg timestamp="20230117 17:38:20.254" level="INFO">Slept 3 seconds</msg>
<status status="PASS" starttime="20230117 17:38:17.254" endtime="20230117 17:38:20.255"/>
</kw>
<status status="PASS" starttime="20230117 17:38:17.253" endtime="20230117 17:38:20.255"/>
</kw>
<test id="s1-t1" name="Test Case 1 prueba Login hn" line="12">
<kw name="-CONFIGURACIÓN TESTCASE-" library="libraries_keywords" type="SETUP">
<kw name="-CONFIGURAR DIRECTORIO SCREENSHOTS-" library="libraries_keywords">
<kw name="Set Screenshot Directory" library="Selenium2Library">
<arg>${screenshots-folder}</arg>
<doc>Sets the directory for captured screenshots.</doc>
<status status="PASS" starttime="20230117 17:38:20.260" endtime="20230117 17:38:20.260"/>
</kw>
<status status="PASS" starttime="20230117 17:38:20.259" endtime="20230117 17:38:20.261"/>
</kw>
<status status="PASS" starttime="20230117 17:38:20.259" endtime="20230117 17:38:20.261"/>
</kw>
<kw name="-LOGIN HOME CV CON PERFIL-" library="tests_keywords">
<arg>${email_valido}</arg>
<arg>${pass_valido}</arg>
<kw name="-ABRIR LOGIN PAGE-" library="tests_keywords">
<kw name="Open Browser" library="Selenium2Library">
<arg>${url_login_page}</arg>
<arg>${browser}</arg>
<doc>Opens a new browser instance to the optional ``url``.</doc>
<msg timestamp="20230117 17:38:20.263" level="INFO">Opening browser 'headlesschrome' to base url 'https://www.clarovideo.com/nicaragua/login'.</msg>
<status status="PASS" starttime="20230117 17:38:20.262" endtime="20230117 17:38:25.029"/>
</kw>
<kw name="Set Window Size" library="Selenium2Library">
<arg>1200</arg>
<arg>1200</arg>
<doc>Sets current windows size to given ``width`` and ``height``.</doc>
<status status="PASS" starttime="20230117 17:38:25.029" endtime="20230117 17:38:25.134"/>
</kw>
<status status="PASS" starttime="20230117 17:38:20.262" endtime="20230117 17:38:25.134"/>
</kw>
<kw name="-INGRESAR EMAIL PARA LOGIN-" library="tests_keywords">
<arg>${email}</arg>
<kw name="Wait Until Element Is Visible" library="Selenium2Library">
<arg>${elementos_login_email['reg_emailtextbox']}</arg>
<doc>Waits until the element ``locator`` is visible.</doc>
<status status="PASS" starttime="20230117 17:38:25.136" endtime="20230117 17:38:25.175"/>
</kw>
<kw name="Input Text" library="Selenium2Library">
<arg>${elementos_login_email['reg_emailtextbox']}</arg>
<arg>${email}</arg>
<doc>Types the given ``text`` into the text field identified by ``locator``.</doc>
<msg timestamp="20230117 17:38:25.177" level="INFO">Typing text 'qc_hn_roku@gmail.com' into text field 'xpath=//input[@id="emailLogin"]'.</msg>
<status status="PASS" starttime="20230117 17:38:25.175" endtime="20230117 17:38:25.417"/>
</kw>
<kw name="Click Button" library="Selenium2Library">
<arg>${elementos_login_email['log_siguiente']}</arg>
<doc>Clicks the button identified by ``locator``.</doc>
<msg timestamp="20230117 17:38:25.420" level="INFO">Clicking button 'xpath=//button[@id="submitEmail"]'.</msg>
<status status="PASS" starttime="20230117 17:38:25.417" endtime="20230117 17:38:25.647"/>
</kw>
<status status="PASS" starttime="20230117 17:38:25.135" endtime="20230117 17:38:25.648"/>
</kw>
<kw name="-INGRESAR PASSWORD PARA LOGIN-" library="tests_keywords">
<arg>${password}</arg>
<kw name="Wait Until Element Is Visible" library="Selenium2Library">
<arg>${elementos_login_pass['reg_pass_passtextbox']}</arg>
<doc>Waits until the element ``locator`` is visible.</doc>
<status status="PASS" starttime="20230117 17:38:25.649" endtime="20230117 17:38:25.948"/>
</kw>
<kw name="Input Text" library="Selenium2Library">
<arg>${elementos_login_pass['reg_pass_passtextbox']}</arg>
<arg>${password}</arg>
<doc>Types the given ``text`` into the text field identified by ``locator``.</doc>
<msg timestamp="20230117 17:38:25.950" level="INFO">Typing text 'Claro123' into text field 'xpath=//input[@id="password"]'.</msg>
<status status="PASS" starttime="20230117 17:38:25.948" endtime="20230117 17:38:26.080"/>
</kw>
<kw name="Click Button" library="Selenium2Library">
<arg>${elementos_login_pass['log_pass_siguiente']}</arg>
<doc>Clicks the button identified by ``locator``.</doc>
<msg timestamp="20230117 17:38:26.082" level="INFO">Clicking button 'xpath=//button[@id="submitPassword"]'.</msg>
<status status="PASS" starttime="20230117 17:38:26.080" endtime="20230117 17:38:26.191"/>
</kw>
<status status="PASS" starttime="20230117 17:38:25.648" endtime="20230117 17:38:26.191"/>
</kw>
<kw name="Sleep" library="BuiltIn">
<arg>10</arg>
<doc>Pauses the test executed for the given time.</doc>
<msg timestamp="20230117 17:38:36.192" level="INFO">Slept 10 seconds</msg>
<status status="PASS" starttime="20230117 17:38:26.192" endtime="20230117 17:38:36.192"/>
</kw>
<kw name="-CLICK IMAGEN DE PERFIL-" library="tests_keywords">
<kw name="Sleep" library="BuiltIn">
<arg>10</arg>
<doc>Pauses the test executed for the given time.</doc>
<msg timestamp="20230117 17:38:46.194" level="INFO">Slept 10 seconds</msg>
<status status="PASS" starttime="20230117 17:38:36.193" endtime="20230117 17:38:46.195"/>
</kw>
<kw name="Run Keyword And Return Status" library="BuiltIn">
<var>${passed}</var>
<arg>wait until page contains element</arg>
<arg>${elementos_profile_page['selectProfile_1_image']}</arg>
<doc>Runs the given keyword with given arguments and returns the status as a Boolean value.</doc>
<kw name="Wait Until Page Contains Element" library="Selenium2Library">
<arg>${elementos_profile_page['selectProfile_1_image']}</arg>
<doc>Waits until the element ``locator`` appears on the current page.</doc>
<msg timestamp="20230117 17:39:07.030" level="INFO" html="true">&lt;/td&gt;&lt;/tr&gt;&lt;tr&gt;&lt;td colspan="3"&gt;&lt;a href="screenshots/selenium-screenshot-85.png"&gt;&lt;img src="screenshots/selenium-screenshot-85.png" width="800px"&gt;&lt;/a&gt;</msg>
<msg timestamp="20230117 17:39:07.032" level="FAIL">Element 'xpath=//div[@class='image-grid-container']//div[1]//div[1]//img[1]' did not appear in 5 seconds.</msg>
<status status="FAIL" starttime="20230117 17:38:46.196" endtime="20230117 17:39:07.033"/>
</kw>
<msg timestamp="20230117 17:39:07.033" level="INFO">${passed} = False</msg>
<status status="PASS" starttime="20230117 17:38:46.195" endtime="20230117 17:39:07.034"/>
</kw>
<kw name="Run Keyword If" library="BuiltIn">
<arg>${passed}</arg>
<arg>click element</arg>
<arg>${elementos_profile_page['selectProfile_1_image']}</arg>
<doc>Runs the given keyword with the given arguments, if ``condition`` is true.</doc>
<status status="PASS" starttime="20230117 17:39:07.034" endtime="20230117 17:39:07.034"/>
</kw>
<status status="PASS" starttime="20230117 17:38:36.193" endtime="20230117 17:39:07.035"/>
</kw>
<kw name="Sleep" library="BuiltIn">
<arg>10</arg>
<doc>Pauses the test executed for the given time.</doc>
<msg timestamp="20230117 17:39:17.035" level="INFO">Slept 10 seconds</msg>
<status status="PASS" starttime="20230117 17:39:07.035" endtime="20230117 17:39:17.035"/>
</kw>
<kw name="-VALIDAR CARGA HOME-" library="tests_keywords">
<kw name="Sleep" library="BuiltIn">
<arg>4</arg>
<doc>Pauses the test executed for the given time.</doc>
<msg timestamp="20230117 17:39:21.037" level="INFO">Slept 4 seconds</msg>
<status status="PASS" starttime="20230117 17:39:17.036" endtime="20230117 17:39:21.037"/>
</kw>
<kw name="Wait Until Page Contains Element" library="Selenium2Library">
<arg>${elementos_home_page['home_lupa']}</arg>
<doc>Waits until the element ``locator`` appears on the current page.</doc>
<status status="PASS" starttime="20230117 17:39:21.038" endtime="20230117 17:39:21.056"/>
</kw>
<status status="PASS" starttime="20230117 17:39:17.036" endtime="20230117 17:39:21.056"/>
</kw>
<status status="PASS" starttime="20230117 17:38:20.261" endtime="20230117 17:39:21.056"/>
</kw>
<kw name="-TERMINAR CONFIGURACIÓN TESTCASE-" library="libraries_keywords" type="TEARDOWN">
<kw name="Capture Page Screenshot" library="Selenium2Library">
<doc>Takes a screenshot of the current page and embeds it into a log file.</doc>
<msg timestamp="20230117 17:39:21.669" level="INFO" html="true">&lt;/td&gt;&lt;/tr&gt;&lt;tr&gt;&lt;td colspan="3"&gt;&lt;a href="screenshots/selenium-screenshot-86.png"&gt;&lt;img src="screenshots/selenium-screenshot-86.png" width="800px"&gt;&lt;/a&gt;</msg>
<status status="PASS" starttime="20230117 17:39:21.058" endtime="20230117 17:39:21.669"/>
</kw>
<status status="PASS" starttime="20230117 17:39:21.057" endtime="20230117 17:39:21.669"/>
</kw>
<status status="PASS" starttime="20230117 17:38:20.256" endtime="20230117 17:39:21.669"/>
</test>
<test id="s1-t2" name="CV-WEB-ACCESO-VALIDAR LOGOUT" line="20">
<kw name="-CONFIGURACIÓN TESTCASE-" library="libraries_keywords" type="SETUP">
<kw name="-CONFIGURAR DIRECTORIO SCREENSHOTS-" library="libraries_keywords">
<kw name="Set Screenshot Directory" library="Selenium2Library">
<arg>${screenshots-folder}</arg>
<doc>Sets the directory for captured screenshots.</doc>
<status status="PASS" starttime="20230117 17:39:21.673" endtime="20230117 17:39:21.673"/>
</kw>
<status status="PASS" starttime="20230117 17:39:21.672" endtime="20230117 17:39:21.674"/>
</kw>
<status status="PASS" starttime="20230117 17:39:21.672" endtime="20230117 17:39:21.674"/>
</kw>
<kw name="-LOGIN HOME CV-" library="tests_keywords">
<arg>${email_valido}</arg>
<arg>${pass_valido}</arg>
<kw name="-ABRIR LOGIN PAGE-" library="tests_keywords">
<kw name="Open Browser" library="Selenium2Library">
<arg>${url_login_page}</arg>
<arg>${browser}</arg>
<doc>Opens a new browser instance to the optional ``url``.</doc>
<msg timestamp="20230117 17:39:21.676" level="INFO">Opening browser 'headlesschrome' to base url 'https://www.clarovideo.com/nicaragua/login'.</msg>
<status status="PASS" starttime="20230117 17:39:21.675" endtime="20230117 17:39:25.697"/>
</kw>
<kw name="Set Window Size" library="Selenium2Library">
<arg>1200</arg>
<arg>1200</arg>
<doc>Sets current windows size to given ``width`` and ``height``.</doc>
<status status="PASS" starttime="20230117 17:39:25.698" endtime="20230117 17:39:25.803"/>
</kw>
<status status="PASS" starttime="20230117 17:39:21.675" endtime="20230117 17:39:25.803"/>
</kw>
<kw name="-INGRESAR EMAIL PARA LOGIN-" library="tests_keywords">
<arg>${email}</arg>
<kw name="Wait Until Element Is Visible" library="Selenium2Library">
<arg>${elementos_login_email['reg_emailtextbox']}</arg>
<doc>Waits until the element ``locator`` is visible.</doc>
<status status="PASS" starttime="20230117 17:39:25.804" endtime="20230117 17:39:26.302"/>
</kw>
<kw name="Input Text" library="Selenium2Library">
<arg>${elementos_login_email['reg_emailtextbox']}</arg>
<arg>${email}</arg>
<doc>Types the given ``text`` into the text field identified by ``locator``.</doc>
<msg timestamp="20230117 17:39:26.304" level="INFO">Typing text 'qc_hn_roku@gmail.com' into text field 'xpath=//input[@id="emailLogin"]'.</msg>
<status status="PASS" starttime="20230117 17:39:26.302" endtime="20230117 17:39:26.758"/>
</kw>
<kw name="Click Button" library="Selenium2Library">
<arg>${elementos_login_email['log_siguiente']}</arg>
<doc>Clicks the button identified by ``locator``.</doc>
<msg timestamp="20230117 17:39:26.760" level="INFO">Clicking button 'xpath=//button[@id="submitEmail"]'.</msg>
<status status="PASS" starttime="20230117 17:39:26.759" endtime="20230117 17:39:26.918"/>
</kw>
<status status="PASS" starttime="20230117 17:39:25.803" endtime="20230117 17:39:26.918"/>
</kw>
<kw name="-INGRESAR PASSWORD PARA LOGIN-" library="tests_keywords">
<arg>${password}</arg>
<kw name="Wait Until Element Is Visible" library="Selenium2Library">
<arg>${elementos_login_pass['reg_pass_passtextbox']}</arg>
<doc>Waits until the element ``locator`` is visible.</doc>
<status status="PASS" starttime="20230117 17:39:26.919" endtime="20230117 17:39:27.261"/>
</kw>
<kw name="Input Text" library="Selenium2Library">
<arg>${elementos_login_pass['reg_pass_passtextbox']}</arg>
<arg>${password}</arg>
<doc>Types the given ``text`` into the text field identified by ``locator``.</doc>
<msg timestamp="20230117 17:39:27.264" level="INFO">Typing text 'Claro123' into text field 'xpath=//input[@id="password"]'.</msg>
<status status="PASS" starttime="20230117 17:39:27.262" endtime="20230117 17:39:27.404"/>
</kw>
<kw name="Click Button" library="Selenium2Library">
<arg>${elementos_login_pass['log_pass_siguiente']}</arg>
<doc>Clicks the button identified by ``locator``.</doc>
<msg timestamp="20230117 17:39:27.407" level="INFO">Clicking button 'xpath=//button[@id="submitPassword"]'.</msg>
<status status="PASS" starttime="20230117 17:39:27.405" endtime="20230117 17:39:27.530"/>
</kw>
<status status="PASS" starttime="20230117 17:39:26.918" endtime="20230117 17:39:27.530"/>
</kw>
<kw name="Sleep" library="BuiltIn">
<arg>10</arg>
<doc>Pauses the test executed for the given time.</doc>
<msg timestamp="20230117 17:39:37.531" level="INFO">Slept 10 seconds</msg>
<status status="PASS" starttime="20230117 17:39:27.531" endtime="20230117 17:39:37.531"/>
</kw>
<kw name="-VALIDAR CARGA HOME-" library="tests_keywords">
<kw name="Sleep" library="BuiltIn">
<arg>4</arg>
<doc>Pauses the test executed for the given time.</doc>
<msg timestamp="20230117 17:39:41.533" level="INFO">Slept 4 seconds</msg>
<status status="PASS" starttime="20230117 17:39:37.532" endtime="20230117 17:39:41.533"/>
</kw>
<kw name="Wait Until Page Contains Element" library="Selenium2Library">
<arg>${elementos_home_page['home_lupa']}</arg>
<doc>Waits until the element ``locator`` appears on the current page.</doc>
<status status="PASS" starttime="20230117 17:39:41.534" endtime="20230117 17:39:41.552"/>
</kw>
<status status="PASS" starttime="20230117 17:39:37.532" endtime="20230117 17:39:41.553"/>
</kw>
<status status="PASS" starttime="20230117 17:39:21.674" endtime="20230117 17:39:41.553"/>
</kw>
<kw name="-LOGOUT HOME CV-" library="tests_keywords">
<kw name="Mouse Down" library="Selenium2Library">
<arg>${profile_menu_page['close_session_inMenu']}</arg>
<doc>Simulates pressing the left mouse button on the element ``locator``.</doc>
<msg timestamp="20230117 17:39:41.555" level="INFO">Simulating Mouse Down on element 'xpath=//span[@class='caret']'.</msg>
<status status="PASS" starttime="20230117 17:39:41.554" endtime="20230117 17:39:41.861"/>
</kw>
<kw name="Click Element" library="Selenium2Library">
<arg>${profile_menu_page['close_session_button']}</arg>
<doc>Click the element identified by ``locator``.</doc>
<msg timestamp="20230117 17:39:41.864" level="INFO">Clicking element 'xpath=//a[normalize-space()='Cerrar Sesión']'.</msg>
<status status="PASS" starttime="20230117 17:39:41.862" endtime="20230117 17:39:41.965"/>
</kw>
<status status="PASS" starttime="20230117 17:39:41.553" endtime="20230117 17:39:41.965"/>
</kw>
<kw name="-TERMINAR CONFIGURACIÓN TESTCASE-" library="libraries_keywords" type="TEARDOWN">
<kw name="Capture Page Screenshot" library="Selenium2Library">
<doc>Takes a screenshot of the current page and embeds it into a log file.</doc>
<msg timestamp="20230117 17:39:42.137" level="INFO" html="true">&lt;/td&gt;&lt;/tr&gt;&lt;tr&gt;&lt;td colspan="3"&gt;&lt;a href="screenshots/selenium-screenshot-87.png"&gt;&lt;img src="screenshots/selenium-screenshot-87.png" width="800px"&gt;&lt;/a&gt;</msg>
<status status="PASS" starttime="20230117 17:39:41.966" endtime="20230117 17:39:42.137"/>
</kw>
<status status="PASS" starttime="20230117 17:39:41.966" endtime="20230117 17:39:42.137"/>
</kw>
<status status="PASS" starttime="20230117 17:39:21.671" endtime="20230117 17:39:42.137"/>
</test>
<kw name="-TERMINAR CONFIGURACIÓN SUITETEST-" library="libraries_keywords" type="TEARDOWN">
<kw name="Capture Page Screenshot" library="Selenium2Library">
<doc>Takes a screenshot of the current page and embeds it into a log file.</doc>
<msg timestamp="20230117 17:39:42.299" level="INFO" html="true">&lt;/td&gt;&lt;/tr&gt;&lt;tr&gt;&lt;td colspan="3"&gt;&lt;a href="screenshots/selenium-screenshot-88.png"&gt;&lt;img src="screenshots/selenium-screenshot-88.png" width="800px"&gt;&lt;/a&gt;</msg>
<status status="PASS" starttime="20230117 17:39:42.139" endtime="20230117 17:39:42.300"/>
</kw>
<kw name="-CERRAR TODOS LOS NAVEGADORES-" library="libraries_keywords">
<kw name="Close All Browsers" library="Selenium2Library">
<doc>Closes all open browsers and resets the browser cache.</doc>
<status status="PASS" starttime="20230117 17:39:42.301" endtime="20230117 17:39:42.422"/>
</kw>
<status status="PASS" starttime="20230117 17:39:42.300" endtime="20230117 17:39:42.423"/>
</kw>
<status status="PASS" starttime="20230117 17:39:42.139" endtime="20230117 17:39:42.423"/>
</kw>
<doc>Ambiente Global FrameWork generico para ajustar de acuerdo al BRF</doc>
<status status="PASS" starttime="20230117 17:38:16.817" endtime="20230117 17:39:42.423"/>
</suite>
<statistics>
<total>
<stat pass="2" fail="0" skip="0">All Tests</stat>
</total>
<tag>
</tag>
<suite>
<stat pass="2" fail="0" skip="0" id="s1" name="SuiteTestWEB">SuiteTestWEB</stat>
</suite>
</statistics>
<errors>
<msg timestamp="20230117 17:38:17.095" level="ERROR">Error in file '/home/usr_admin/auto_qc/web_auto/QC_WEB_GENERIC_FRAMEWORK_GLOBAL/QC_WEB_FRAMEWORK_GLOBAL_ADDONS/resources/common_functionalities/tests_keywords.robot' on line 6: Importing library '/home/usr_admin/auto_qc/web_auto/QC_WEB_GENERIC_FRAMEWORK_GLOBAL/QC_WEB_FRAMEWORK_GLOBAL_ADDONS/resources/charles_proxy/charles_library.py' failed: IndentationError: expected an indented block (charles_library.py, line 32)
Traceback (most recent call last):
  None
PYTHONPATH:
  /home/usr_admin/auto_qc/web_auto/QC_WEB_GENERIC_FRAMEWORK_GLOBAL/QC_WEB_FRAMEWORK_GLOBAL_ADDONS/resources/charles_proxy
  /usr/local/bin
  /usr/lib/python36.zip
  /usr/lib/python3.6
  /usr/lib/python3.6/lib-dynload
  /var/lib/jenkins/.local/lib/python3.6/site-packages
  /usr/local/lib/python3.6/dist-packages
  /usr/lib/python3/dist-packages</msg>
<msg timestamp="20230117 17:38:17.151" level="ERROR">Error in file '/home/usr_admin/auto_qc/web_auto/QC_WEB_GENERIC_FRAMEWORK_GLOBAL/QC_WEB_FRAMEWORK_GLOBAL_ADDONS/resources/common_functionalities/libraries_keywords.robot' on line 6: Importing library '/home/usr_admin/auto_qc/web_auto/QC_WEB_GENERIC_FRAMEWORK_GLOBAL/QC_WEB_FRAMEWORK_GLOBAL_ADDONS/resources/charles_proxy/charles_library.py' failed: IndentationError: expected an indented block (charles_library.py, line 32)
Traceback (most recent call last):
  None
PYTHONPATH:
  /home/usr_admin/auto_qc/web_auto/QC_WEB_GENERIC_FRAMEWORK_GLOBAL/QC_WEB_FRAMEWORK_GLOBAL_ADDONS/resources/charles_proxy
  /usr/local/bin
  /usr/lib/python36.zip
  /usr/lib/python3.6
  /usr/lib/python3.6/lib-dynload
  /var/lib/jenkins/.local/lib/python3.6/site-packages
  /usr/local/lib/python3.6/dist-packages
  /usr/lib/python3/dist-packages</msg>
</errors>
</robot>
